2018-11-30 15:44:40.911  INFO 10132 --- [restartedMain] com.litte.LitteApplication               : Starting LitteApplication on PC-201807182309 with PID 10132 (E:\project\jdbproject\target\classes started by Administrator in E:\project\jdbproject)
2018-11-30 15:44:40.911  INFO 10132 --- [restartedMain] com.litte.LitteApplication               : No active profile set, falling back to default profiles: default
2018-11-30 15:44:40.914  INFO 10132 --- [restartedMain] ConfigServletWebServerApplicationContext : Refreshing org.springframework.boot.web.servlet.context.AnnotationConfigServletWebServerApplicationContext@1831ac04: startup date [Fri Nov 30 15:44:40 CST 2018]; root of context hierarchy
2018-11-30 15:44:41.369  INFO 10132 --- [restartedMain] o.s.b.w.embedded.tomcat.TomcatWebServer  : Tomcat initialized with port(s): 8090 (http)
2018-11-30 15:44:41.370  INFO 10132 --- [restartedMain] o.apache.catalina.core.StandardService   : Starting service [Tomcat]
2018-11-30 15:44:41.370  INFO 10132 --- [restartedMain] org.apache.catalina.core.StandardEngine  : Starting Servlet Engine: Apache Tomcat/8.5.32
2018-11-30 15:44:41.390  INFO 10132 --- [localhost-startStop-1] o.a.c.c.C.[Tomcat].[localhost].[/]       : Initializing Spring embedded WebApplicationContext
2018-11-30 15:44:41.391  INFO 10132 --- [localhost-startStop-1] o.s.web.context.ContextLoader            : Root WebApplicationContext: initialization completed in 477 ms
2018-11-30 15:44:41.403  INFO 10132 --- [localhost-startStop-1] o.s.b.w.servlet.ServletRegistrationBean  : Servlet dispatcherServlet mapped to [/]
2018-11-30 15:44:41.403  INFO 10132 --- [localhost-startStop-1] o.s.b.w.servlet.FilterRegistrationBean   : Mapping filter: 'characterEncodingFilter' to: [/*]
2018-11-30 15:44:41.403  INFO 10132 --- [localhost-startStop-1] o.s.b.w.servlet.FilterRegistrationBean   : Mapping filter: 'hiddenHttpMethodFilter' to: [/*]
2018-11-30 15:44:41.403  INFO 10132 --- [localhost-startStop-1] o.s.b.w.servlet.FilterRegistrationBean   : Mapping filter: 'httpPutFormContentFilter' to: [/*]
2018-11-30 15:44:41.403  INFO 10132 --- [localhost-startStop-1] o.s.b.w.servlet.FilterRegistrationBean   : Mapping filter: 'requestContextFilter' to: [/*]
2018-11-30 15:44:41.604  INFO 10132 --- [restartedMain] o.s.w.s.handler.SimpleUrlHandlerMapping  : Mapped URL path [/**/favicon.ico] onto handler of type [class org.springframework.web.servlet.resource.ResourceHttpRequestHandler]
2018-11-30 15:44:41.637  INFO 10132 --- [restartedMain] s.w.s.m.m.a.RequestMappingHandlerAdapter : Looking for @ControllerAdvice: org.springframework.boot.web.servlet.context.AnnotationConfigServletWebServerApplicationContext@1831ac04: startup date [Fri Nov 30 15:44:40 CST 2018]; root of context hierarchy
2018-11-30 15:44:41.645  INFO 10132 --- [restartedMain] s.w.s.m.m.a.RequestMappingHandlerMapping : Mapped "{[/file/download],methods=[GET]}" onto public void com.litte.controller.FileUploadController.download(javax.servlet.http.HttpServletRequest,javax.servlet.http.HttpServletResponse)
2018-11-30 15:44:41.645  INFO 10132 --- [restartedMain] s.w.s.m.m.a.RequestMappingHandlerMapping : Mapped "{[/file/uploadFile],methods=[POST],produces=[text/html;charset=UTF-8]}" onto public java.lang.String com.litte.controller.FileUploadController.uploadFile(org.springframework.web.multipart.MultipartFile)
2018-11-30 15:44:41.646  INFO 10132 --- [restartedMain] s.w.s.m.m.a.RequestMappingHandlerMapping : Mapped "{[/menu/addMenu]}" onto public int com.litte.controller.jurisdiction.MenuController.addMenu(com.litte.entity.jurisdiction.TMenu)
2018-11-30 15:44:41.646  INFO 10132 --- [restartedMain] s.w.s.m.m.a.RequestMappingHandlerMapping : Mapped "{[/menu/addMenuView]}" onto public java.lang.String com.litte.controller.jurisdiction.MenuController.addMenuView()
2018-11-30 15:44:41.646  INFO 10132 --- [restartedMain] s.w.s.m.m.a.RequestMappingHandlerMapping : Mapped "{[/menu/listMenu]}" onto public java.lang.String com.litte.controller.jurisdiction.MenuController.listMenu(com.litte.entity.jurisdiction.TMenu,int)
2018-11-30 15:44:41.646  INFO 10132 --- [restartedMain] s.w.s.m.m.a.RequestMappingHandlerMapping : Mapped "{[/menu/updMenuView]}" onto public java.lang.String com.litte.controller.jurisdiction.MenuController.updMenuView(java.lang.String,org.springframework.ui.Model)
2018-11-30 15:44:41.646  INFO 10132 --- [restartedMain] s.w.s.m.m.a.RequestMappingHandlerMapping : Mapped "{[/menu/getTmenu]}" onto public java.lang.String com.litte.controller.jurisdiction.MenuController.getTmenu(java.lang.String)
2018-11-30 15:44:41.647  INFO 10132 --- [restartedMain] s.w.s.m.m.a.RequestMappingHandlerMapping : Mapped "{[/menu/menuTree]}" onto public java.util.List<com.litte.entity.jurisdiction.TMenu> com.litte.controller.jurisdiction.MenuController.menuList(javax.servlet.http.HttpServletRequest)
2018-11-30 15:44:41.647  INFO 10132 --- [restartedMain] s.w.s.m.m.a.RequestMappingHandlerMapping : Mapped "{[/menu/listMenuView]}" onto public java.lang.String com.litte.controller.jurisdiction.MenuController.listMenuView(org.springframework.ui.Model,java.lang.String,java.lang.String)
2018-11-30 15:44:41.647  INFO 10132 --- [restartedMain] s.w.s.m.m.a.RequestMappingHandlerMapping : Mapped "{[/menu/delTmenu]}" onto public int com.litte.controller.jurisdiction.MenuController.delTmenu(java.lang.String)
2018-11-30 15:44:41.648  INFO 10132 --- [restartedMain] s.w.s.m.m.a.RequestMappingHandlerMapping : Mapped "{[/role/getRole]}" onto public java.lang.String com.litte.controller.jurisdiction.RoleController.getRole(java.lang.String)
2018-11-30 15:44:41.648  INFO 10132 --- [restartedMain] s.w.s.m.m.a.RequestMappingHandlerMapping : Mapped "{[/role/addRole]}" onto public int com.litte.controller.jurisdiction.RoleController.addRole(com.litte.entity.jurisdiction.TRole,javax.servlet.http.HttpServletRequest)
2018-11-30 15:44:41.648  INFO 10132 --- [restartedMain] s.w.s.m.m.a.RequestMappingHandlerMapping : Mapped "{[/role/listRoleView]}" onto public java.lang.String com.litte.controller.jurisdiction.RoleController.listRoleView(org.springframework.ui.Model,java.lang.String,java.lang.String)
2018-11-30 15:44:41.648  INFO 10132 --- [restartedMain] s.w.s.m.m.a.RequestMappingHandlerMapping : Mapped "{[/role/accreditAdd]}" onto public int com.litte.controller.jurisdiction.RoleController.accreditAdd(com.litte.entity.jurisdiction.TMenuRole)
2018-11-30 15:44:41.648  INFO 10132 --- [restartedMain] s.w.s.m.m.a.RequestMappingHandlerMapping : Mapped "{[/role/accredit]}" onto public java.lang.String com.litte.controller.jurisdiction.RoleController.accredit(java.lang.String,org.springframework.ui.Model)
2018-11-30 15:44:41.648  INFO 10132 --- [restartedMain] s.w.s.m.m.a.RequestMappingHandlerMapping : Mapped "{[/role/addRoleView]}" onto public java.lang.String com.litte.controller.jurisdiction.RoleController.addRoleView()
2018-11-30 15:44:41.648  INFO 10132 --- [restartedMain] s.w.s.m.m.a.RequestMappingHandlerMapping : Mapped "{[/role/updRoleView]}" onto public java.lang.String com.litte.controller.jurisdiction.RoleController.updRoleView(java.lang.String,org.springframework.ui.Model)
2018-11-30 15:44:41.648  INFO 10132 --- [restartedMain] s.w.s.m.m.a.RequestMappingHandlerMapping : Mapped "{[/role/listRole]}" onto public java.lang.String com.litte.controller.jurisdiction.RoleController.listRole(com.litte.entity.jurisdiction.TRole,int,javax.servlet.http.HttpServletRequest)
2018-11-30 15:44:41.648  INFO 10132 --- [restartedMain] s.w.s.m.m.a.RequestMappingHandlerMapping : Mapped "{[/role/delRole]}" onto public java.lang.String com.litte.controller.jurisdiction.RoleController.delRole(java.lang.String)
2018-11-30 15:44:41.649  INFO 10132 --- [restartedMain] s.w.s.m.m.a.RequestMappingHandlerMapping : Mapped "{[/dept/listDeptView]}" onto public java.lang.String com.litte.controller.jurisdiction.TDeptController.listMenuView(org.springframework.ui.Model,java.lang.String,java.lang.String)
2018-11-30 15:44:41.649  INFO 10132 --- [restartedMain] s.w.s.m.m.a.RequestMappingHandlerMapping : Mapped "{[/dept/listDept]}" onto public java.lang.String com.litte.controller.jurisdiction.TDeptController.listDept(com.litte.entity.jurisdiction.TDept,int,javax.servlet.http.HttpServletRequest)
2018-11-30 15:44:41.649  INFO 10132 --- [restartedMain] s.w.s.m.m.a.RequestMappingHandlerMapping : Mapped "{[/dept/listDeptByPort]}" onto public java.util.List<com.litte.entity.jurisdiction.TDept> com.litte.controller.jurisdiction.TDeptController.listDeptByPort(com.litte.entity.jurisdiction.TDept,java.lang.String)
2018-11-30 15:44:41.650  INFO 10132 --- [restartedMain] s.w.s.m.m.a.RequestMappingHandlerMapping : Mapped "{[/dept/addDept]}" onto public int com.litte.controller.jurisdiction.TDeptController.addDept(com.litte.entity.jurisdiction.TDept,javax.servlet.http.HttpServletRequest,java.lang.String)
2018-11-30 15:44:41.650  INFO 10132 --- [restartedMain] s.w.s.m.m.a.RequestMappingHandlerMapping : Mapped "{[/dept/addDeptView]}" onto public java.lang.String com.litte.controller.jurisdiction.TDeptController.addDeptView()
2018-11-30 15:44:41.650  INFO 10132 --- [restartedMain] s.w.s.m.m.a.RequestMappingHandlerMapping : Mapped "{[/dept/updDeptView]}" onto public java.lang.String com.litte.controller.jurisdiction.TDeptController.updDeptView(java.lang.String,org.springframework.ui.Model)
2018-11-30 15:44:41.650  INFO 10132 --- [restartedMain] s.w.s.m.m.a.RequestMappingHandlerMapping : Mapped "{[/dept/delDept]}" onto public java.lang.String com.litte.controller.jurisdiction.TDeptController.delDept(java.lang.String)
2018-11-30 15:44:41.651  INFO 10132 --- [restartedMain] s.w.s.m.m.a.RequestMappingHandlerMapping : Mapped "{[/territory/listTerritorySele]}" onto public java.util.List<com.litte.entity.jurisdiction.TTerritory> com.litte.controller.jurisdiction.TerritoryController.listTerritorySele(com.litte.entity.jurisdiction.TTerritory)
2018-11-30 15:44:41.651  INFO 10132 --- [restartedMain] s.w.s.m.m.a.RequestMappingHandlerMapping : Mapped "{[/territory/listTerritoryView]}" onto public java.lang.String com.litte.controller.jurisdiction.TerritoryController.listMenuView(org.springframework.ui.Model,java.lang.String,java.lang.String)
2018-11-30 15:44:41.651  INFO 10132 --- [restartedMain] s.w.s.m.m.a.RequestMappingHandlerMapping : Mapped "{[/territory/addTerritory]}" onto public int com.litte.controller.jurisdiction.TerritoryController.addTerritory(com.litte.entity.jurisdiction.TTerritory)
2018-11-30 15:44:41.651  INFO 10132 --- [restartedMain] s.w.s.m.m.a.RequestMappingHandlerMapping : Mapped "{[/territory/listTerritory]}" onto public java.lang.String com.litte.controller.jurisdiction.TerritoryController.listTerritory(com.litte.entity.jurisdiction.TTerritory,int,javax.servlet.http.HttpServletRequest)
2018-11-30 15:44:41.651  INFO 10132 --- [restartedMain] s.w.s.m.m.a.RequestMappingHandlerMapping : Mapped "{[/territory/updTerritoryView]}" onto public java.lang.String com.litte.controller.jurisdiction.TerritoryController.updTerritoryView(java.lang.String,org.springframework.ui.Model)
2018-11-30 15:44:41.651  INFO 10132 --- [restartedMain] s.w.s.m.m.a.RequestMappingHandlerMapping : Mapped "{[/territory/delTerritory]}" onto public java.lang.String com.litte.controller.jurisdiction.TerritoryController.delTerritory(java.lang.String)
2018-11-30 15:44:41.651  INFO 10132 --- [restartedMain] s.w.s.m.m.a.RequestMappingHandlerMapping : Mapped "{[/territory/addTerritoryView]}" onto public java.lang.String com.litte.controller.jurisdiction.TerritoryController.addTerritoryView()
2018-11-30 15:44:41.652  INFO 10132 --- [restartedMain] s.w.s.m.m.a.RequestMappingHandlerMapping : Mapped "{[/user/addUser]}" onto public int com.litte.controller.jurisdiction.UserController.addUser(com.litte.entity.jurisdiction.TUser)
2018-11-30 15:44:41.652  INFO 10132 --- [restartedMain] s.w.s.m.m.a.RequestMappingHandlerMapping : Mapped "{[/user/addRole]}" onto public int com.litte.controller.jurisdiction.UserController.addRole(com.litte.entity.jurisdiction.TUserRole)
2018-11-30 15:44:41.653  INFO 10132 --- [restartedMain] s.w.s.m.m.a.RequestMappingHandlerMapping : Mapped "{[/user/logout]}" onto public java.util.Map<java.lang.String, java.lang.Object> com.litte.controller.jurisdiction.UserController.logout(javax.servlet.http.HttpServletRequest)
2018-11-30 15:44:41.653  INFO 10132 --- [restartedMain] s.w.s.m.m.a.RequestMappingHandlerMapping : Mapped "{[/user/accreditRoleView]}" onto public java.lang.String com.litte.controller.jurisdiction.UserController.accreditRoleView(java.lang.String,org.springframework.ui.Model)
2018-11-30 15:44:41.653  INFO 10132 --- [restartedMain] s.w.s.m.m.a.RequestMappingHandlerMapping : Mapped "{[/user/listUser]}" onto public java.lang.String com.litte.controller.jurisdiction.UserController.listUser(com.litte.entity.jurisdiction.TUser,int,javax.servlet.http.HttpServletRequest)
2018-11-30 15:44:41.653  INFO 10132 --- [restartedMain] s.w.s.m.m.a.RequestMappingHandlerMapping : Mapped "{[/user/updUserView]}" onto public java.lang.String com.litte.controller.jurisdiction.UserController.updUserView(java.lang.String,org.springframework.ui.Model)
2018-11-30 15:44:41.653  INFO 10132 --- [restartedMain] s.w.s.m.m.a.RequestMappingHandlerMapping : Mapped "{[/user/accreditRole]}" onto public java.util.Map<java.lang.String, java.lang.Object> com.litte.controller.jurisdiction.UserController.accreditRole(javax.servlet.http.HttpServletRequest,com.litte.entity.jurisdiction.TRole)
2018-11-30 15:44:41.654  INFO 10132 --- [restartedMain] s.w.s.m.m.a.RequestMappingHandlerMapping : Mapped "{[/user/login]}" onto public java.util.Map<java.lang.String, java.lang.Object> com.litte.controller.jurisdiction.UserController.login(com.litte.entity.jurisdiction.TUser,javax.servlet.http.HttpServletRequest)
2018-11-30 15:44:41.654  INFO 10132 --- [restartedMain] s.w.s.m.m.a.RequestMappingHandlerMapping : Mapped "{[/user/listUserByPort]}" onto public java.util.List<com.litte.entity.jurisdiction.TUser> com.litte.controller.jurisdiction.UserController.listUserByPort(java.lang.String,javax.servlet.http.HttpServletRequest)
2018-11-30 15:44:41.654  INFO 10132 --- [restartedMain] s.w.s.m.m.a.RequestMappingHandlerMapping : Mapped "{[/user/listUserView]}" onto public java.lang.String com.litte.controller.jurisdiction.UserController.listUserView(org.springframework.ui.Model,java.lang.String,java.lang.String)
2018-11-30 15:44:41.654  INFO 10132 --- [restartedMain] s.w.s.m.m.a.RequestMappingHandlerMapping : Mapped "{[/user/getUserById]}" onto public java.lang.String com.litte.controller.jurisdiction.UserController.getUserById(java.lang.String)
2018-11-30 15:44:41.654  INFO 10132 --- [restartedMain] s.w.s.m.m.a.RequestMappingHandlerMapping : Mapped "{[/user/delUser]}" onto public java.lang.String com.litte.controller.jurisdiction.UserController.delUser(java.lang.String)
2018-11-30 15:44:41.654  INFO 10132 --- [restartedMain] s.w.s.m.m.a.RequestMappingHandlerMapping : Mapped "{[/user/addUserView]}" onto public java.lang.String com.litte.controller.jurisdiction.UserController.addUserView()
2018-11-30 15:44:41.655  INFO 10132 --- [restartedMain] s.w.s.m.m.a.RequestMappingHandlerMapping : Mapped "{[/index]}" onto public java.lang.String com.litte.controller.LoginController.index()
2018-11-30 15:44:41.655  INFO 10132 --- [restartedMain] s.w.s.m.m.a.RequestMappingHandlerMapping : Mapped "{[/session/loginSession]}" onto public com.litte.entity.jurisdiction.TUser com.litte.controller.LoginController.loginSession(javax.servlet.http.HttpServletRequest)
2018-11-30 15:44:41.655  INFO 10132 --- [restartedMain] s.w.s.m.m.a.RequestMappingHandlerMapping : Mapped "{[/portal/index]}" onto public java.lang.String com.litte.controller.LoginController.indexPortal()
2018-11-30 15:44:41.655  INFO 10132 --- [restartedMain] s.w.s.m.m.a.RequestMappingHandlerMapping : Mapped "{[/login]}" onto public java.lang.String com.litte.controller.LoginController.login()
2018-11-30 15:44:41.656  INFO 10132 --- [restartedMain] s.w.s.m.m.a.RequestMappingHandlerMapping : Mapped "{[/coupon/delCoupon]}" onto public int com.litte.controller.reception.TCouponController.delCoupon(java.lang.String)
2018-11-30 15:44:41.656  INFO 10132 --- [restartedMain] s.w.s.m.m.a.RequestMappingHandlerMapping : Mapped "{[/coupon/addCoupon]}" onto public int com.litte.controller.reception.TCouponController.addCoupon(com.litte.entity.reception.TCoupon)
2018-11-30 15:44:41.656  INFO 10132 --- [restartedMain] s.w.s.m.m.a.RequestMappingHandlerMapping : Mapped "{[/coupon/listCoupon]}" onto public java.lang.String com.litte.controller.reception.TCouponController.listCoupon(com.litte.entity.reception.TCoupon,int)
2018-11-30 15:44:41.656  INFO 10132 --- [restartedMain] s.w.s.m.m.a.RequestMappingHandlerMapping : Mapped "{[/coupon/updCouponView]}" onto public java.lang.String com.litte.controller.reception.TCouponController.updCouponView(java.lang.String,org.springframework.ui.Model)
2018-11-30 15:44:41.656  INFO 10132 --- [restartedMain] s.w.s.m.m.a.RequestMappingHandlerMapping : Mapped "{[/coupon/listCouponView]}" onto public java.lang.String com.litte.controller.reception.TCouponController.listCouponView(org.springframework.ui.Model,java.lang.String,java.lang.String)
2018-11-30 15:44:41.656  INFO 10132 --- [restartedMain] s.w.s.m.m.a.RequestMappingHandlerMapping : Mapped "{[/coupon/addCouponView]}" onto public java.lang.String com.litte.controller.reception.TCouponController.addCouponView()
2018-11-30 15:44:41.657  INFO 10132 --- [restartedMain] s.w.s.m.m.a.RequestMappingHandlerMapping : Mapped "{[/evaluate/listEvaluate]}" onto public java.lang.String com.litte.controller.reception.TEvaluateController.listCoupon(com.litte.entity.reception.TEvaluate,int,javax.servlet.http.HttpServletRequest)
2018-11-30 15:44:41.657  INFO 10132 --- [restartedMain] s.w.s.m.m.a.RequestMappingHandlerMapping : Mapped "{[/evaluate/addEvaluate]}" onto public int com.litte.controller.reception.TEvaluateController.addEvaluate(com.litte.entity.reception.TEvaluate)
2018-11-30 15:44:41.657  INFO 10132 --- [restartedMain] s.w.s.m.m.a.RequestMappingHandlerMapping : Mapped "{[/evaluate/delEvaluate]}" onto public int com.litte.controller.reception.TEvaluateController.delEvaluate(java.lang.String)
2018-11-30 15:44:41.658  INFO 10132 --- [restartedMain] s.w.s.m.m.a.RequestMappingHandlerMapping : Mapped "{[/evaluate/listEvaluateView]}" onto public java.lang.String com.litte.controller.reception.TEvaluateController.listCouponView(org.springframework.ui.Model,java.lang.String,java.lang.String)
2018-11-30 15:44:41.658  INFO 10132 --- [restartedMain] s.w.s.m.m.a.RequestMappingHandlerMapping : Mapped "{[/indent/addIndent]}" onto public int com.litte.controller.reception.TIndentController.addUser(com.litte.entity.reception.TIndent)
2018-11-30 15:44:41.658  INFO 10132 --- [restartedMain] s.w.s.m.m.a.RequestMappingHandlerMapping : Mapped "{[/indent/listIndent]}" onto public java.lang.String com.litte.controller.reception.TIndentController.listIndent(com.litte.entity.reception.TIndent,int,javax.servlet.http.HttpServletRequest)
2018-11-30 15:44:41.658  INFO 10132 --- [restartedMain] s.w.s.m.m.a.RequestMappingHandlerMapping : Mapped "{[/indent/listIndentView]}" onto public java.lang.String com.litte.controller.reception.TIndentController.listCouponView(org.springframework.ui.Model,java.lang.String,java.lang.String)
2018-11-30 15:44:41.659  INFO 10132 --- [restartedMain] s.w.s.m.m.a.RequestMappingHandlerMapping : Mapped "{[/personage/listPersonageView]}" onto public java.lang.String com.litte.controller.reception.TPersonageController.listPersonageView(org.springframework.ui.Model,java.lang.String,java.lang.String)
2018-11-30 15:44:41.659  INFO 10132 --- [restartedMain] s.w.s.m.m.a.RequestMappingHandlerMapping : Mapped "{[/personage/listPersonage]}" onto public java.lang.String com.litte.controller.reception.TPersonageController.listPersonage(com.litte.entity.reception.TPersonage,int)
2018-11-30 15:44:41.659  INFO 10132 --- [restartedMain] s.w.s.m.m.a.RequestMappingHandlerMapping : Mapped "{[/personage/addPersonage]}" onto public int com.litte.controller.reception.TPersonageController.addPersonage(com.litte.entity.reception.TPersonage)
2018-11-30 15:44:41.659  INFO 10132 --- [restartedMain] s.w.s.m.m.a.RequestMappingHandlerMapping : Mapped "{[/personage/updPersonage]}" onto public int com.litte.controller.reception.TPersonageController.updPersonage(com.litte.entity.reception.TPersonage)
2018-11-30 15:44:41.660  INFO 10132 --- [restartedMain] s.w.s.m.m.a.RequestMappingHandlerMapping : Mapped "{[/price/listPrice]}" onto public java.lang.String com.litte.controller.reception.TPriceController.listPrice(com.litte.entity.reception.TPrice,int,javax.servlet.http.HttpServletRequest)
2018-11-30 15:44:41.660  INFO 10132 --- [restartedMain] s.w.s.m.m.a.RequestMappingHandlerMapping : Mapped "{[/price/addPrice]}" onto public int com.litte.controller.reception.TPriceController.addPrice(com.litte.entity.reception.TPrice,javax.servlet.http.HttpServletRequest)
2018-11-30 15:44:41.660  INFO 10132 --- [restartedMain] s.w.s.m.m.a.RequestMappingHandlerMapping : Mapped "{[/price/updPriceView]}" onto public java.lang.String com.litte.controller.reception.TPriceController.updPriceView(java.lang.String,org.springframework.ui.Model)
2018-11-30 15:44:41.660  INFO 10132 --- [restartedMain] s.w.s.m.m.a.RequestMappingHandlerMapping : Mapped "{[/price/delPrice]}" onto public int com.litte.controller.reception.TPriceController.delPrice(java.lang.String)
2018-11-30 15:44:41.660  INFO 10132 --- [restartedMain] s.w.s.m.m.a.RequestMappingHandlerMapping : Mapped "{[/price/addPriceView]}" onto public java.lang.String com.litte.controller.reception.TPriceController.addPriceView()
2018-11-30 15:44:41.660  INFO 10132 --- [restartedMain] s.w.s.m.m.a.RequestMappingHandlerMapping : Mapped "{[/price/listPriceView]}" onto public java.lang.String com.litte.controller.reception.TPriceController.listCouponView(org.springframework.ui.Model,java.lang.String,java.lang.String)
2018-11-30 15:44:41.661  INFO 10132 --- [restartedMain] s.w.s.m.m.a.RequestMappingHandlerMapping : Mapped "{[/rest/listRestView]}" onto public java.lang.String com.litte.controller.reception.TRestController.listRestView(org.springframework.ui.Model,java.lang.String,java.lang.String)
2018-11-30 15:44:41.661  INFO 10132 --- [restartedMain] s.w.s.m.m.a.RequestMappingHandlerMapping : Mapped "{[/rest/addRest]}" onto public int com.litte.controller.reception.TRestController.addRest(com.litte.entity.reception.TRest,javax.servlet.http.HttpServletRequest)
2018-11-30 15:44:41.661  INFO 10132 --- [restartedMain] s.w.s.m.m.a.RequestMappingHandlerMapping : Mapped "{[/rest/listRest]}" onto public java.lang.String com.litte.controller.reception.TRestController.listRest(com.litte.entity.reception.TRest,int)
2018-11-30 15:44:41.661  INFO 10132 --- [restartedMain] s.w.s.m.m.a.RequestMappingHandlerMapping : Mapped "{[/rest/delRest]}" onto public int com.litte.controller.reception.TRestController.delRest(java.lang.String)
2018-11-30 15:44:41.661  INFO 10132 --- [restartedMain] s.w.s.m.m.a.RequestMappingHandlerMapping : Mapped "{[/rest/addRestView]}" onto public java.lang.String com.litte.controller.reception.TRestController.addRestView()
2018-11-30 15:44:41.661  INFO 10132 --- [restartedMain] s.w.s.m.m.a.RequestMappingHandlerMapping : Mapped "{[/rest/updRestView]}" onto public java.lang.String com.litte.controller.reception.TRestController.updRestView(java.lang.String,org.springframework.ui.Model)
2018-11-30 15:44:41.661  INFO 10132 --- [restartedMain] s.w.s.m.m.a.RequestMappingHandlerMapping : Mapped "{[/stated/listStatedView]}" onto public java.lang.String com.litte.controller.reception.TStatedController.listCouponView(org.springframework.ui.Model,java.lang.String,java.lang.String)
2018-11-30 15:44:41.662  INFO 10132 --- [restartedMain] s.w.s.m.m.a.RequestMappingHandlerMapping : Mapped "{[/stated/listStated]}" onto public java.lang.String com.litte.controller.reception.TStatedController.listStated(com.litte.entity.reception.TStated,int)
2018-11-30 15:44:41.662  INFO 10132 --- [restartedMain] s.w.s.m.m.a.RequestMappingHandlerMapping : Mapped "{[/wallet/listWalletView]}" onto public java.lang.String com.litte.controller.reception.TWalletController.listCouponView(org.springframework.ui.Model,java.lang.String,java.lang.String)
2018-11-30 15:44:41.662  INFO 10132 --- [restartedMain] s.w.s.m.m.a.RequestMappingHandlerMapping : Mapped "{[/wallet/listWallet]}" onto public java.lang.String com.litte.controller.reception.TWalletController.listWallet(com.litte.entity.reception.TWallet,int)
2018-11-30 15:44:41.662  INFO 10132 --- [restartedMain] s.w.s.m.m.a.RequestMappingHandlerMapping : Mapped "{[/tree/menuListAll]}" onto public java.lang.String com.litte.controller.tree.TreeController.menuListAll(com.litte.entity.jurisdiction.TMenu)
2018-11-30 15:44:41.662  INFO 10132 --- [restartedMain] s.w.s.m.m.a.RequestMappingHandlerMapping : Mapped "{[/tree/deptZtree]}" onto public java.lang.String com.litte.controller.tree.TreeController.deptZtree(com.litte.entity.jurisdiction.TDept,javax.servlet.http.HttpServletRequest)
2018-11-30 15:44:41.663  INFO 10132 --- [restartedMain] s.w.s.m.m.a.RequestMappingHandlerMapping : Mapped "{[/tree/menuTree]}" onto public java.lang.String com.litte.controller.tree.TreeController.menuList(javax.servlet.http.HttpServletRequest)
2018-11-30 15:44:41.664  INFO 10132 --- [restartedMain] s.w.s.m.m.a.RequestMappingHandlerMapping : Mapped "{[/error]}" onto public org.springframework.http.ResponseEntity<java.util.Map<java.lang.String, java.lang.Object>> org.springframework.boot.autoconfigure.web.servlet.error.BasicErrorController.error(javax.servlet.http.HttpServletRequest)
2018-11-30 15:44:41.664  INFO 10132 --- [restartedMain] s.w.s.m.m.a.RequestMappingHandlerMapping : Mapped "{[/error],produces=[text/html]}" onto public org.springframework.web.servlet.ModelAndView org.springframework.boot.autoconfigure.web.servlet.error.BasicErrorController.errorHtml(javax.servlet.http.HttpServletRequest,javax.servlet.http.HttpServletResponse)
2018-11-30 15:44:41.670  INFO 10132 --- [restartedMain] o.s.w.s.handler.SimpleUrlHandlerMapping  : Mapped URL path [/webjars/**] onto handler of type [class org.springframework.web.servlet.resource.ResourceHttpRequestHandler]
2018-11-30 15:44:41.670  INFO 10132 --- [restartedMain] o.s.w.s.handler.SimpleUrlHandlerMapping  : Mapped URL path [/**] onto handler of type [class org.springframework.web.servlet.resource.ResourceHttpRequestHandler]
2018-11-30 15:44:41.691  INFO 10132 --- [restartedMain] o.s.b.a.w.s.WelcomePageHandlerMapping    : Adding welcome page template: index
2018-11-30 15:44:41.749  INFO 10132 --- [restartedMain] o.s.b.d.a.OptionalLiveReloadServer       : LiveReload server is running on port 35729
2018-11-30 15:44:41.763  INFO 10132 --- [restartedMain] o.s.j.e.a.AnnotationMBeanExporter        : Registering beans for JMX exposure on startup
2018-11-30 15:44:41.763  INFO 10132 --- [restartedMain] o.s.j.e.a.AnnotationMBeanExporter        : Bean with name 'dataSource' has been autodetected for JMX exposure
2018-11-30 15:44:41.765  INFO 10132 --- [restartedMain] o.s.j.e.a.AnnotationMBeanExporter        : Located MBean 'dataSource': registering with JMX server as MBean [com.zaxxer.hikari:name=dataSource,type=HikariDataSource]
2018-11-30 15:44:41.771  INFO 10132 --- [restartedMain] o.s.b.w.embedded.tomcat.TomcatWebServer  : Tomcat started on port(s): 8090 (http) with context path ''
2018-11-30 15:44:41.771  INFO 10132 --- [restartedMain] com.litte.LitteApplication               : Started LitteApplication in 0.891 seconds (JVM running for 40.273)
2018-11-30 15:44:41.773  INFO 10132 --- [restartedMain] .ConditionEvaluationDeltaLoggingListener : Condition evaluation unchanged
2018-11-30 15:45:01.134  INFO 10132 --- [Thread-20] ConfigServletWebServerApplicationContext : Closing org.springframework.boot.web.servlet.context.AnnotationConfigServletWebServerApplicationContext@1831ac04: startup date [Fri Nov 30 15:44:40 CST 2018]; root of context hierarchy
2018-11-30 15:45:01.136  INFO 10132 --- [Thread-20] o.s.j.e.a.AnnotationMBeanExporter        : Unregistering JMX-exposed beans on shutdown
2018-11-30 15:45:01.136  INFO 10132 --- [Thread-20] o.s.j.e.a.AnnotationMBeanExporter        : Unregistering JMX-exposed beans
2018-11-30 15:45:01.558 ERROR 10132 --- [restartedMain] o.s.boot.SpringApplication               : Application run failed

org.springframework.boot.context.properties.bind.BindException: Failed to bind properties under 'logging.level' to java.util.Map<java.lang.String, java.lang.String>
	at org.springframework.boot.context.properties.bind.Binder.handleBindError(Binder.java:250) ~[spring-boot-2.0.4.RELEASE.jar:2.0.4.RELEASE]
	at org.springframework.boot.context.properties.bind.Binder.bind(Binder.java:226) ~[spring-boot-2.0.4.RELEASE.jar:2.0.4.RELEASE]
	at org.springframework.boot.context.properties.bind.Binder.bind(Binder.java:210) ~[spring-boot-2.0.4.RELEASE.jar:2.0.4.RELEASE]
	at org.springframework.boot.context.properties.bind.Binder.bind(Binder.java:166) ~[spring-boot-2.0.4.RELEASE.jar:2.0.4.RELEASE]
	at org.springframework.boot.context.logging.LoggingApplicationListener.setLogLevels(LoggingApplicationListener.java:307) ~[spring-boot-2.0.4.RELEASE.jar:2.0.4.RELEASE]
	at org.springframework.boot.context.logging.LoggingApplicationListener.initializeFinalLoggingLevels(LoggingApplicationListener.java:290) ~[spring-boot-2.0.4.RELEASE.jar:2.0.4.RELEASE]
	at org.springframework.boot.context.logging.LoggingApplicationListener.initialize(LoggingApplicationListener.java:238) ~[spring-boot-2.0.4.RELEASE.jar:2.0.4.RELEASE]
	at org.springframework.boot.context.logging.LoggingApplicationListener.onApplicationEnvironmentPreparedEvent(LoggingApplicationListener.java:200) ~[spring-boot-2.0.4.RELEASE.jar:2.0.4.RELEASE]
	at org.springframework.boot.context.logging.LoggingApplicationListener.onApplicationEvent(LoggingApplicationListener.java:173) ~[spring-boot-2.0.4.RELEASE.jar:2.0.4.RELEASE]
	at org.springframework.context.event.SimpleApplicationEventMulticaster.doInvokeListener(SimpleApplicationEventMulticaster.java:172) ~[spring-context-5.0.8.RELEASE.jar:5.0.8.RELEASE]
	at org.springframework.context.event.SimpleApplicationEventMulticaster.invokeListener(SimpleApplicationEventMulticaster.java:165) ~[spring-context-5.0.8.RELEASE.jar:5.0.8.RELEASE]
	at org.springframework.context.event.SimpleApplicationEventMulticaster.multicastEvent(SimpleApplicationEventMulticaster.java:139) ~[spring-context-5.0.8.RELEASE.jar:5.0.8.RELEASE]
	at org.springframework.context.event.SimpleApplicationEventMulticaster.multicastEvent(SimpleApplicationEventMulticaster.java:127) ~[spring-context-5.0.8.RELEASE.jar:5.0.8.RELEASE]
	at org.springframework.boot.context.event.EventPublishingRunListener.environmentPrepared(EventPublishingRunListener.java:74) ~[spring-boot-2.0.4.RELEASE.jar:2.0.4.RELEASE]
	at org.springframework.boot.SpringApplicationRunListeners.environmentPrepared(SpringApplicationRunListeners.java:54) ~[spring-boot-2.0.4.RELEASE.jar:2.0.4.RELEASE]
	at org.springframework.boot.SpringApplication.prepareEnvironment(SpringApplication.java:361) [spring-boot-2.0.4.RELEASE.jar:2.0.4.RELEASE]
	at org.springframework.boot.SpringApplication.run(SpringApplication.java:320) [spring-boot-2.0.4.RELEASE.jar:2.0.4.RELEASE]
	at org.springframework.boot.SpringApplication.run(SpringApplication.java:1258) [spring-boot-2.0.4.RELEASE.jar:2.0.4.RELEASE]
	at org.springframework.boot.SpringApplication.run(SpringApplication.java:1246) [spring-boot-2.0.4.RELEASE.jar:2.0.4.RELEASE]
	at com.litte.LitteApplication.main(LitteApplication.java:12) [classes/:na]
	at sun.reflect.NativeMethodAccessorImpl.invoke0(Native Method) ~[na:1.8.0_40]
	at sun.reflect.NativeMethodAccessorImpl.invoke(NativeMethodAccessorImpl.java:62) ~[na:1.8.0_40]
	at sun.reflect.DelegatingMethodAccessorImpl.invoke(DelegatingMethodAccessorImpl.java:43) ~[na:1.8.0_40]
	at java.lang.reflect.Method.invoke(Method.java:497) ~[na:1.8.0_40]
	at org.springframework.boot.devtools.restart.RestartLauncher.run(RestartLauncher.java:49) [spring-boot-devtools-2.0.4.RELEASE.jar:2.0.4.RELEASE]
Caused by: org.springframework.core.convert.ConverterNotFoundException: No converter found capable of converting from type [java.lang.String] to type [java.util.Map<java.lang.String, java.lang.String>]
	at org.springframework.core.convert.support.GenericConversionService.handleConverterNotFound(GenericConversionService.java:321) ~[spring-core-5.0.8.RELEASE.jar:5.0.8.RELEASE]
	at org.springframework.core.convert.support.GenericConversionService.convert(GenericConversionService.java:194) ~[spring-core-5.0.8.RELEASE.jar:5.0.8.RELEASE]
	at org.springframework.boot.context.properties.bind.BindConverter$CompositeConversionService.convert(BindConverter.java:162) ~[spring-boot-2.0.4.RELEASE.jar:2.0.4.RELEASE]
	at org.springframework.boot.context.properties.bind.BindConverter.convert(BindConverter.java:96) ~[spring-boot-2.0.4.RELEASE.jar:2.0.4.RELEASE]
	at org.springframework.boot.context.properties.bind.BindConverter.convert(BindConverter.java:88) ~[spring-boot-2.0.4.RELEASE.jar:2.0.4.RELEASE]
	at org.springframework.boot.context.properties.bind.MapBinder.bindAggregate(MapBinder.java:67) ~[spring-boot-2.0.4.RELEASE.jar:2.0.4.RELEASE]
	at org.springframework.boot.context.properties.bind.AggregateBinder.bind(AggregateBinder.java:58) ~[spring-boot-2.0.4.RELEASE.jar:2.0.4.RELEASE]
	at org.springframework.boot.context.properties.bind.Binder.lambda$bindAggregate$2(Binder.java:305) ~[spring-boot-2.0.4.RELEASE.jar:2.0.4.RELEASE]
	at org.springframework.boot.context.properties.bind.Binder$$Lambda$210/1538628816.get(Unknown Source) ~[na:na]
	at org.springframework.boot.context.properties.bind.Binder$Context.withIncreasedDepth(Binder.java:441) ~[spring-boot-2.0.4.RELEASE.jar:2.0.4.RELEASE]
	at org.springframework.boot.context.properties.bind.Binder$Context.access$100(Binder.java:381) ~[spring-boot-2.0.4.RELEASE.jar:2.0.4.RELEASE]
	at org.springframework.boot.context.properties.bind.Binder.bindAggregate(Binder.java:304) ~[spring-boot-2.0.4.RELEASE.jar:2.0.4.RELEASE]
	at org.springframework.boot.context.properties.bind.Binder.bindObject(Binder.java:262) ~[spring-boot-2.0.4.RELEASE.jar:2.0.4.RELEASE]
	at org.springframework.boot.context.properties.bind.Binder.bind(Binder.java:221) ~[spring-boot-2.0.4.RELEASE.jar:2.0.4.RELEASE]
	... 23 common frames omitted

2018-11-30 15:45:25.168  INFO 10132 --- [restartedMain] com.litte.LitteApplication               : Starting LitteApplication on PC-201807182309 with PID 10132 (E:\project\jdbproject\target\classes started by Administrator in E:\project\jdbproject)
2018-11-30 15:45:25.168 DEBUG 10132 --- [restartedMain] com.litte.LitteApplication               : Running with Spring Boot v2.0.4.RELEASE, Spring v5.0.8.RELEASE
2018-11-30 15:45:25.169  INFO 10132 --- [restartedMain] com.litte.LitteApplication               : No active profile set, falling back to default profiles: default
2018-11-30 15:45:25.171  INFO 10132 --- [restartedMain] ConfigServletWebServerApplicationContext : Refreshing org.springframework.boot.web.servlet.context.AnnotationConfigServletWebServerApplicationContext@62fbe851: startup date [Fri Nov 30 15:45:25 CST 2018]; root of context hierarchy
2018-11-30 15:45:25.635  INFO 10132 --- [restartedMain] o.s.b.w.embedded.tomcat.TomcatWebServer  : Tomcat initialized with port(s): 8090 (http)
2018-11-30 15:45:25.635  INFO 10132 --- [restartedMain] o.apache.catalina.core.StandardService   : Starting service [Tomcat]
2018-11-30 15:45:25.635  INFO 10132 --- [restartedMain] org.apache.catalina.core.StandardEngine  : Starting Servlet Engine: Apache Tomcat/8.5.32
2018-11-30 15:45:25.650  INFO 10132 --- [localhost-startStop-1] o.a.c.c.C.[Tomcat].[localhost].[/]       : Initializing Spring embedded WebApplicationContext
2018-11-30 15:45:25.651  INFO 10132 --- [localhost-startStop-1] o.s.web.context.ContextLoader            : Root WebApplicationContext: initialization completed in 480 ms
2018-11-30 15:45:25.659  INFO 10132 --- [localhost-startStop-1] o.s.b.w.servlet.ServletRegistrationBean  : Servlet dispatcherServlet mapped to [/]
2018-11-30 15:45:25.659  INFO 10132 --- [localhost-startStop-1] o.s.b.w.servlet.FilterRegistrationBean   : Mapping filter: 'characterEncodingFilter' to: [/*]
2018-11-30 15:45:25.659  INFO 10132 --- [localhost-startStop-1] o.s.b.w.servlet.FilterRegistrationBean   : Mapping filter: 'hiddenHttpMethodFilter' to: [/*]
2018-11-30 15:45:25.659  INFO 10132 --- [localhost-startStop-1] o.s.b.w.servlet.FilterRegistrationBean   : Mapping filter: 'httpPutFormContentFilter' to: [/*]
2018-11-30 15:45:25.659  INFO 10132 --- [localhost-startStop-1] o.s.b.w.servlet.FilterRegistrationBean   : Mapping filter: 'requestContextFilter' to: [/*]
2018-11-30 15:45:25.852  INFO 10132 --- [restartedMain] o.s.w.s.handler.SimpleUrlHandlerMapping  : Mapped URL path [/**/favicon.ico] onto handler of type [class org.springframework.web.servlet.resource.ResourceHttpRequestHandler]
2018-11-30 15:45:25.877  INFO 10132 --- [restartedMain] s.w.s.m.m.a.RequestMappingHandlerAdapter : Looking for @ControllerAdvice: org.springframework.boot.web.servlet.context.AnnotationConfigServletWebServerApplicationContext@62fbe851: startup date [Fri Nov 30 15:45:25 CST 2018]; root of context hierarchy
2018-11-30 15:45:25.884  INFO 10132 --- [restartedMain] s.w.s.m.m.a.RequestMappingHandlerMapping : Mapped "{[/file/download],methods=[GET]}" onto public void com.litte.controller.FileUploadController.download(javax.servlet.http.HttpServletRequest,javax.servlet.http.HttpServletResponse)
2018-11-30 15:45:25.885  INFO 10132 --- [restartedMain] s.w.s.m.m.a.RequestMappingHandlerMapping : Mapped "{[/file/uploadFile],methods=[POST],produces=[text/html;charset=UTF-8]}" onto public java.lang.String com.litte.controller.FileUploadController.uploadFile(org.springframework.web.multipart.MultipartFile)
2018-11-30 15:45:25.885  INFO 10132 --- [restartedMain] s.w.s.m.m.a.RequestMappingHandlerMapping : Mapped "{[/menu/addMenu]}" onto public int com.litte.controller.jurisdiction.MenuController.addMenu(com.litte.entity.jurisdiction.TMenu)
2018-11-30 15:45:25.885  INFO 10132 --- [restartedMain] s.w.s.m.m.a.RequestMappingHandlerMapping : Mapped "{[/menu/addMenuView]}" onto public java.lang.String com.litte.controller.jurisdiction.MenuController.addMenuView()
2018-11-30 15:45:25.885  INFO 10132 --- [restartedMain] s.w.s.m.m.a.RequestMappingHandlerMapping : Mapped "{[/menu/listMenu]}" onto public java.lang.String com.litte.controller.jurisdiction.MenuController.listMenu(com.litte.entity.jurisdiction.TMenu,int)
2018-11-30 15:45:25.885  INFO 10132 --- [restartedMain] s.w.s.m.m.a.RequestMappingHandlerMapping : Mapped "{[/menu/updMenuView]}" onto public java.lang.String com.litte.controller.jurisdiction.MenuController.updMenuView(java.lang.String,org.springframework.ui.Model)
2018-11-30 15:45:25.885  INFO 10132 --- [restartedMain] s.w.s.m.m.a.RequestMappingHandlerMapping : Mapped "{[/menu/getTmenu]}" onto public java.lang.String com.litte.controller.jurisdiction.MenuController.getTmenu(java.lang.String)
2018-11-30 15:45:25.886  INFO 10132 --- [restartedMain] s.w.s.m.m.a.RequestMappingHandlerMapping : Mapped "{[/menu/menuTree]}" onto public java.util.List<com.litte.entity.jurisdiction.TMenu> com.litte.controller.jurisdiction.MenuController.menuList(javax.servlet.http.HttpServletRequest)
2018-11-30 15:45:25.886  INFO 10132 --- [restartedMain] s.w.s.m.m.a.RequestMappingHandlerMapping : Mapped "{[/menu/listMenuView]}" onto public java.lang.String com.litte.controller.jurisdiction.MenuController.listMenuView(org.springframework.ui.Model,java.lang.String,java.lang.String)
2018-11-30 15:45:25.886  INFO 10132 --- [restartedMain] s.w.s.m.m.a.RequestMappingHandlerMapping : Mapped "{[/menu/delTmenu]}" onto public int com.litte.controller.jurisdiction.MenuController.delTmenu(java.lang.String)
2018-11-30 15:45:25.886  INFO 10132 --- [restartedMain] s.w.s.m.m.a.RequestMappingHandlerMapping : Mapped "{[/role/getRole]}" onto public java.lang.String com.litte.controller.jurisdiction.RoleController.getRole(java.lang.String)
2018-11-30 15:45:25.886  INFO 10132 --- [restartedMain] s.w.s.m.m.a.RequestMappingHandlerMapping : Mapped "{[/role/addRole]}" onto public int com.litte.controller.jurisdiction.RoleController.addRole(com.litte.entity.jurisdiction.TRole,javax.servlet.http.HttpServletRequest)
2018-11-30 15:45:25.887  INFO 10132 --- [restartedMain] s.w.s.m.m.a.RequestMappingHandlerMapping : Mapped "{[/role/listRoleView]}" onto public java.lang.String com.litte.controller.jurisdiction.RoleController.listRoleView(org.springframework.ui.Model,java.lang.String,java.lang.String)
2018-11-30 15:45:25.889  INFO 10132 --- [restartedMain] s.w.s.m.m.a.RequestMappingHandlerMapping : Mapped "{[/role/accreditAdd]}" onto public int com.litte.controller.jurisdiction.RoleController.accreditAdd(com.litte.entity.jurisdiction.TMenuRole)
2018-11-30 15:45:25.889  INFO 10132 --- [restartedMain] s.w.s.m.m.a.RequestMappingHandlerMapping : Mapped "{[/role/accredit]}" onto public java.lang.String com.litte.controller.jurisdiction.RoleController.accredit(java.lang.String,org.springframework.ui.Model)
2018-11-30 15:45:25.889  INFO 10132 --- [restartedMain] s.w.s.m.m.a.RequestMappingHandlerMapping : Mapped "{[/role/addRoleView]}" onto public java.lang.String com.litte.controller.jurisdiction.RoleController.addRoleView()
2018-11-30 15:45:25.889  INFO 10132 --- [restartedMain] s.w.s.m.m.a.RequestMappingHandlerMapping : Mapped "{[/role/updRoleView]}" onto public java.lang.String com.litte.controller.jurisdiction.RoleController.updRoleView(java.lang.String,org.springframework.ui.Model)
2018-11-30 15:45:25.890  INFO 10132 --- [restartedMain] s.w.s.m.m.a.RequestMappingHandlerMapping : Mapped "{[/role/listRole]}" onto public java.lang.String com.litte.controller.jurisdiction.RoleController.listRole(com.litte.entity.jurisdiction.TRole,int,javax.servlet.http.HttpServletRequest)
2018-11-30 15:45:25.890  INFO 10132 --- [restartedMain] s.w.s.m.m.a.RequestMappingHandlerMapping : Mapped "{[/role/delRole]}" onto public java.lang.String com.litte.controller.jurisdiction.RoleController.delRole(java.lang.String)
2018-11-30 15:45:25.890  INFO 10132 --- [restartedMain] s.w.s.m.m.a.RequestMappingHandlerMapping : Mapped "{[/dept/listDeptView]}" onto public java.lang.String com.litte.controller.jurisdiction.TDeptController.listMenuView(org.springframework.ui.Model,java.lang.String,java.lang.String)
2018-11-30 15:45:25.891  INFO 10132 --- [restartedMain] s.w.s.m.m.a.RequestMappingHandlerMapping : Mapped "{[/dept/listDept]}" onto public java.lang.String com.litte.controller.jurisdiction.TDeptController.listDept(com.litte.entity.jurisdiction.TDept,int,javax.servlet.http.HttpServletRequest)
2018-11-30 15:45:25.891  INFO 10132 --- [restartedMain] s.w.s.m.m.a.RequestMappingHandlerMapping : Mapped "{[/dept/listDeptByPort]}" onto public java.util.List<com.litte.entity.jurisdiction.TDept> com.litte.controller.jurisdiction.TDeptController.listDeptByPort(com.litte.entity.jurisdiction.TDept,java.lang.String)
2018-11-30 15:45:25.891  INFO 10132 --- [restartedMain] s.w.s.m.m.a.RequestMappingHandlerMapping : Mapped "{[/dept/addDept]}" onto public int com.litte.controller.jurisdiction.TDeptController.addDept(com.litte.entity.jurisdiction.TDept,javax.servlet.http.HttpServletRequest,java.lang.String)
2018-11-30 15:45:25.891  INFO 10132 --- [restartedMain] s.w.s.m.m.a.RequestMappingHandlerMapping : Mapped "{[/dept/addDeptView]}" onto public java.lang.String com.litte.controller.jurisdiction.TDeptController.addDeptView()
2018-11-30 15:45:25.891  INFO 10132 --- [restartedMain] s.w.s.m.m.a.RequestMappingHandlerMapping : Mapped "{[/dept/updDeptView]}" onto public java.lang.String com.litte.controller.jurisdiction.TDeptController.updDeptView(java.lang.String,org.springframework.ui.Model)
2018-11-30 15:45:25.891  INFO 10132 --- [restartedMain] s.w.s.m.m.a.RequestMappingHandlerMapping : Mapped "{[/dept/delDept]}" onto public java.lang.String com.litte.controller.jurisdiction.TDeptController.delDept(java.lang.String)
2018-11-30 15:45:25.892  INFO 10132 --- [restartedMain] s.w.s.m.m.a.RequestMappingHandlerMapping : Mapped "{[/territory/listTerritorySele]}" onto public java.util.List<com.litte.entity.jurisdiction.TTerritory> com.litte.controller.jurisdiction.TerritoryController.listTerritorySele(com.litte.entity.jurisdiction.TTerritory)
2018-11-30 15:45:25.892  INFO 10132 --- [restartedMain] s.w.s.m.m.a.RequestMappingHandlerMapping : Mapped "{[/territory/listTerritoryView]}" onto public java.lang.String com.litte.controller.jurisdiction.TerritoryController.listMenuView(org.springframework.ui.Model,java.lang.String,java.lang.String)
2018-11-30 15:45:25.892  INFO 10132 --- [restartedMain] s.w.s.m.m.a.RequestMappingHandlerMapping : Mapped "{[/territory/addTerritory]}" onto public int com.litte.controller.jurisdiction.TerritoryController.addTerritory(com.litte.entity.jurisdiction.TTerritory)
2018-11-30 15:45:25.892  INFO 10132 --- [restartedMain] s.w.s.m.m.a.RequestMappingHandlerMapping : Mapped "{[/territory/listTerritory]}" onto public java.lang.String com.litte.controller.jurisdiction.TerritoryController.listTerritory(com.litte.entity.jurisdiction.TTerritory,int,javax.servlet.http.HttpServletRequest)
2018-11-30 15:45:25.892  INFO 10132 --- [restartedMain] s.w.s.m.m.a.RequestMappingHandlerMapping : Mapped "{[/territory/updTerritoryView]}" onto public java.lang.String com.litte.controller.jurisdiction.TerritoryController.updTerritoryView(java.lang.String,org.springframework.ui.Model)
2018-11-30 15:45:25.893  INFO 10132 --- [restartedMain] s.w.s.m.m.a.RequestMappingHandlerMapping : Mapped "{[/territory/delTerritory]}" onto public java.lang.String com.litte.controller.jurisdiction.TerritoryController.delTerritory(java.lang.String)
2018-11-30 15:45:25.893  INFO 10132 --- [restartedMain] s.w.s.m.m.a.RequestMappingHandlerMapping : Mapped "{[/territory/addTerritoryView]}" onto public java.lang.String com.litte.controller.jurisdiction.TerritoryController.addTerritoryView()
2018-11-30 15:45:25.893  INFO 10132 --- [restartedMain] s.w.s.m.m.a.RequestMappingHandlerMapping : Mapped "{[/user/addUser]}" onto public int com.litte.controller.jurisdiction.UserController.addUser(com.litte.entity.jurisdiction.TUser)
2018-11-30 15:45:25.894  INFO 10132 --- [restartedMain] s.w.s.m.m.a.RequestMappingHandlerMapping : Mapped "{[/user/addRole]}" onto public int com.litte.controller.jurisdiction.UserController.addRole(com.litte.entity.jurisdiction.TUserRole)
2018-11-30 15:45:25.894  INFO 10132 --- [restartedMain] s.w.s.m.m.a.RequestMappingHandlerMapping : Mapped "{[/user/logout]}" onto public java.util.Map<java.lang.String, java.lang.Object> com.litte.controller.jurisdiction.UserController.logout(javax.servlet.http.HttpServletRequest)
2018-11-30 15:45:25.894  INFO 10132 --- [restartedMain] s.w.s.m.m.a.RequestMappingHandlerMapping : Mapped "{[/user/accreditRoleView]}" onto public java.lang.String com.litte.controller.jurisdiction.UserController.accreditRoleView(java.lang.String,org.springframework.ui.Model)
2018-11-30 15:45:25.894  INFO 10132 --- [restartedMain] s.w.s.m.m.a.RequestMappingHandlerMapping : Mapped "{[/user/listUser]}" onto public java.lang.String com.litte.controller.jurisdiction.UserController.listUser(com.litte.entity.jurisdiction.TUser,int,javax.servlet.http.HttpServletRequest)
2018-11-30 15:45:25.894  INFO 10132 --- [restartedMain] s.w.s.m.m.a.RequestMappingHandlerMapping : Mapped "{[/user/updUserView]}" onto public java.lang.String com.litte.controller.jurisdiction.UserController.updUserView(java.lang.String,org.springframework.ui.Model)
2018-11-30 15:45:25.894  INFO 10132 --- [restartedMain] s.w.s.m.m.a.RequestMappingHandlerMapping : Mapped "{[/user/accreditRole]}" onto public java.util.Map<java.lang.String, java.lang.Object> com.litte.controller.jurisdiction.UserController.accreditRole(javax.servlet.http.HttpServletRequest,com.litte.entity.jurisdiction.TRole)
2018-11-30 15:45:25.894  INFO 10132 --- [restartedMain] s.w.s.m.m.a.RequestMappingHandlerMapping : Mapped "{[/user/login]}" onto public java.util.Map<java.lang.String, java.lang.Object> com.litte.controller.jurisdiction.UserController.login(com.litte.entity.jurisdiction.TUser,javax.servlet.http.HttpServletRequest)
2018-11-30 15:45:25.894  INFO 10132 --- [restartedMain] s.w.s.m.m.a.RequestMappingHandlerMapping : Mapped "{[/user/listUserByPort]}" onto public java.util.List<com.litte.entity.jurisdiction.TUser> com.litte.controller.jurisdiction.UserController.listUserByPort(java.lang.String,javax.servlet.http.HttpServletRequest)
2018-11-30 15:45:25.894  INFO 10132 --- [restartedMain] s.w.s.m.m.a.RequestMappingHandlerMapping : Mapped "{[/user/listUserView]}" onto public java.lang.String com.litte.controller.jurisdiction.UserController.listUserView(org.springframework.ui.Model,java.lang.String,java.lang.String)
2018-11-30 15:45:25.895  INFO 10132 --- [restartedMain] s.w.s.m.m.a.RequestMappingHandlerMapping : Mapped "{[/user/getUserById]}" onto public java.lang.String com.litte.controller.jurisdiction.UserController.getUserById(java.lang.String)
2018-11-30 15:45:25.895  INFO 10132 --- [restartedMain] s.w.s.m.m.a.RequestMappingHandlerMapping : Mapped "{[/user/delUser]}" onto public java.lang.String com.litte.controller.jurisdiction.UserController.delUser(java.lang.String)
2018-11-30 15:45:25.895  INFO 10132 --- [restartedMain] s.w.s.m.m.a.RequestMappingHandlerMapping : Mapped "{[/user/addUserView]}" onto public java.lang.String com.litte.controller.jurisdiction.UserController.addUserView()
2018-11-30 15:45:25.895  INFO 10132 --- [restartedMain] s.w.s.m.m.a.RequestMappingHandlerMapping : Mapped "{[/index]}" onto public java.lang.String com.litte.controller.LoginController.index()
2018-11-30 15:45:25.895  INFO 10132 --- [restartedMain] s.w.s.m.m.a.RequestMappingHandlerMapping : Mapped "{[/session/loginSession]}" onto public com.litte.entity.jurisdiction.TUser com.litte.controller.LoginController.loginSession(javax.servlet.http.HttpServletRequest)
2018-11-30 15:45:25.895  INFO 10132 --- [restartedMain] s.w.s.m.m.a.RequestMappingHandlerMapping : Mapped "{[/portal/index]}" onto public java.lang.String com.litte.controller.LoginController.indexPortal()
2018-11-30 15:45:25.896  INFO 10132 --- [restartedMain] s.w.s.m.m.a.RequestMappingHandlerMapping : Mapped "{[/login]}" onto public java.lang.String com.litte.controller.LoginController.login()
2018-11-30 15:45:25.896  INFO 10132 --- [restartedMain] s.w.s.m.m.a.RequestMappingHandlerMapping : Mapped "{[/coupon/delCoupon]}" onto public int com.litte.controller.reception.TCouponController.delCoupon(java.lang.String)
2018-11-30 15:45:25.896  INFO 10132 --- [restartedMain] s.w.s.m.m.a.RequestMappingHandlerMapping : Mapped "{[/coupon/addCoupon]}" onto public int com.litte.controller.reception.TCouponController.addCoupon(com.litte.entity.reception.TCoupon)
2018-11-30 15:45:25.896  INFO 10132 --- [restartedMain] s.w.s.m.m.a.RequestMappingHandlerMapping : Mapped "{[/coupon/listCoupon]}" onto public java.lang.String com.litte.controller.reception.TCouponController.listCoupon(com.litte.entity.reception.TCoupon,int)
2018-11-30 15:45:25.896  INFO 10132 --- [restartedMain] s.w.s.m.m.a.RequestMappingHandlerMapping : Mapped "{[/coupon/updCouponView]}" onto public java.lang.String com.litte.controller.reception.TCouponController.updCouponView(java.lang.String,org.springframework.ui.Model)
2018-11-30 15:45:25.896  INFO 10132 --- [restartedMain] s.w.s.m.m.a.RequestMappingHandlerMapping : Mapped "{[/coupon/listCouponView]}" onto public java.lang.String com.litte.controller.reception.TCouponController.listCouponView(org.springframework.ui.Model,java.lang.String,java.lang.String)
2018-11-30 15:45:25.896  INFO 10132 --- [restartedMain] s.w.s.m.m.a.RequestMappingHandlerMapping : Mapped "{[/coupon/addCouponView]}" onto public java.lang.String com.litte.controller.reception.TCouponController.addCouponView()
2018-11-30 15:45:25.897  INFO 10132 --- [restartedMain] s.w.s.m.m.a.RequestMappingHandlerMapping : Mapped "{[/evaluate/listEvaluate]}" onto public java.lang.String com.litte.controller.reception.TEvaluateController.listCoupon(com.litte.entity.reception.TEvaluate,int,javax.servlet.http.HttpServletRequest)
2018-11-30 15:45:25.897  INFO 10132 --- [restartedMain] s.w.s.m.m.a.RequestMappingHandlerMapping : Mapped "{[/evaluate/addEvaluate]}" onto public int com.litte.controller.reception.TEvaluateController.addEvaluate(com.litte.entity.reception.TEvaluate)
2018-11-30 15:45:25.897  INFO 10132 --- [restartedMain] s.w.s.m.m.a.RequestMappingHandlerMapping : Mapped "{[/evaluate/delEvaluate]}" onto public int com.litte.controller.reception.TEvaluateController.delEvaluate(java.lang.String)
2018-11-30 15:45:25.897  INFO 10132 --- [restartedMain] s.w.s.m.m.a.RequestMappingHandlerMapping : Mapped "{[/evaluate/listEvaluateView]}" onto public java.lang.String com.litte.controller.reception.TEvaluateController.listCouponView(org.springframework.ui.Model,java.lang.String,java.lang.String)
2018-11-30 15:45:25.897  INFO 10132 --- [restartedMain] s.w.s.m.m.a.RequestMappingHandlerMapping : Mapped "{[/indent/addIndent]}" onto public int com.litte.controller.reception.TIndentController.addUser(com.litte.entity.reception.TIndent)
2018-11-30 15:45:25.897  INFO 10132 --- [restartedMain] s.w.s.m.m.a.RequestMappingHandlerMapping : Mapped "{[/indent/listIndent]}" onto public java.lang.String com.litte.controller.reception.TIndentController.listIndent(com.litte.entity.reception.TIndent,int,javax.servlet.http.HttpServletRequest)
2018-11-30 15:45:25.897  INFO 10132 --- [restartedMain] s.w.s.m.m.a.RequestMappingHandlerMapping : Mapped "{[/indent/listIndentView]}" onto public java.lang.String com.litte.controller.reception.TIndentController.listCouponView(org.springframework.ui.Model,java.lang.String,java.lang.String)
2018-11-30 15:45:25.898  INFO 10132 --- [restartedMain] s.w.s.m.m.a.RequestMappingHandlerMapping : Mapped "{[/personage/listPersonageView]}" onto public java.lang.String com.litte.controller.reception.TPersonageController.listPersonageView(org.springframework.ui.Model,java.lang.String,java.lang.String)
2018-11-30 15:45:25.898  INFO 10132 --- [restartedMain] s.w.s.m.m.a.RequestMappingHandlerMapping : Mapped "{[/personage/listPersonage]}" onto public java.lang.String com.litte.controller.reception.TPersonageController.listPersonage(com.litte.entity.reception.TPersonage,int)
2018-11-30 15:45:25.898  INFO 10132 --- [restartedMain] s.w.s.m.m.a.RequestMappingHandlerMapping : Mapped "{[/personage/addPersonage]}" onto public int com.litte.controller.reception.TPersonageController.addPersonage(com.litte.entity.reception.TPersonage)
2018-11-30 15:45:25.898  INFO 10132 --- [restartedMain] s.w.s.m.m.a.RequestMappingHandlerMapping : Mapped "{[/personage/updPersonage]}" onto public int com.litte.controller.reception.TPersonageController.updPersonage(com.litte.entity.reception.TPersonage)
2018-11-30 15:45:25.899  INFO 10132 --- [restartedMain] s.w.s.m.m.a.RequestMappingHandlerMapping : Mapped "{[/price/listPrice]}" onto public java.lang.String com.litte.controller.reception.TPriceController.listPrice(com.litte.entity.reception.TPrice,int,javax.servlet.http.HttpServletRequest)
2018-11-30 15:45:25.899  INFO 10132 --- [restartedMain] s.w.s.m.m.a.RequestMappingHandlerMapping : Mapped "{[/price/addPrice]}" onto public int com.litte.controller.reception.TPriceController.addPrice(com.litte.entity.reception.TPrice,javax.servlet.http.HttpServletRequest)
2018-11-30 15:45:25.899  INFO 10132 --- [restartedMain] s.w.s.m.m.a.RequestMappingHandlerMapping : Mapped "{[/price/updPriceView]}" onto public java.lang.String com.litte.controller.reception.TPriceController.updPriceView(java.lang.String,org.springframework.ui.Model)
2018-11-30 15:45:25.899  INFO 10132 --- [restartedMain] s.w.s.m.m.a.RequestMappingHandlerMapping : Mapped "{[/price/delPrice]}" onto public int com.litte.controller.reception.TPriceController.delPrice(java.lang.String)
2018-11-30 15:45:25.899  INFO 10132 --- [restartedMain] s.w.s.m.m.a.RequestMappingHandlerMapping : Mapped "{[/price/addPriceView]}" onto public java.lang.String com.litte.controller.reception.TPriceController.addPriceView()
2018-11-30 15:45:25.899  INFO 10132 --- [restartedMain] s.w.s.m.m.a.RequestMappingHandlerMapping : Mapped "{[/price/listPriceView]}" onto public java.lang.String com.litte.controller.reception.TPriceController.listCouponView(org.springframework.ui.Model,java.lang.String,java.lang.String)
2018-11-30 15:45:25.899  INFO 10132 --- [restartedMain] s.w.s.m.m.a.RequestMappingHandlerMapping : Mapped "{[/rest/listRestView]}" onto public java.lang.String com.litte.controller.reception.TRestController.listRestView(org.springframework.ui.Model,java.lang.String,java.lang.String)
2018-11-30 15:45:25.899  INFO 10132 --- [restartedMain] s.w.s.m.m.a.RequestMappingHandlerMapping : Mapped "{[/rest/addRest]}" onto public int com.litte.controller.reception.TRestController.addRest(com.litte.entity.reception.TRest,javax.servlet.http.HttpServletRequest)
2018-11-30 15:45:25.900  INFO 10132 --- [restartedMain] s.w.s.m.m.a.RequestMappingHandlerMapping : Mapped "{[/rest/listRest]}" onto public java.lang.String com.litte.controller.reception.TRestController.listRest(com.litte.entity.reception.TRest,int)
2018-11-30 15:45:25.900  INFO 10132 --- [restartedMain] s.w.s.m.m.a.RequestMappingHandlerMapping : Mapped "{[/rest/delRest]}" onto public int com.litte.controller.reception.TRestController.delRest(java.lang.String)
2018-11-30 15:45:25.900  INFO 10132 --- [restartedMain] s.w.s.m.m.a.RequestMappingHandlerMapping : Mapped "{[/rest/addRestView]}" onto public java.lang.String com.litte.controller.reception.TRestController.addRestView()
2018-11-30 15:45:25.900  INFO 10132 --- [restartedMain] s.w.s.m.m.a.RequestMappingHandlerMapping : Mapped "{[/rest/updRestView]}" onto public java.lang.String com.litte.controller.reception.TRestController.updRestView(java.lang.String,org.springframework.ui.Model)
2018-11-30 15:45:25.900  INFO 10132 --- [restartedMain] s.w.s.m.m.a.RequestMappingHandlerMapping : Mapped "{[/stated/listStatedView]}" onto public java.lang.String com.litte.controller.reception.TStatedController.listCouponView(org.springframework.ui.Model,java.lang.String,java.lang.String)
2018-11-30 15:45:25.900  INFO 10132 --- [restartedMain] s.w.s.m.m.a.RequestMappingHandlerMapping : Mapped "{[/stated/listStated]}" onto public java.lang.String com.litte.controller.reception.TStatedController.listStated(com.litte.entity.reception.TStated,int)
2018-11-30 15:45:25.901  INFO 10132 --- [restartedMain] s.w.s.m.m.a.RequestMappingHandlerMapping : Mapped "{[/wallet/listWalletView]}" onto public java.lang.String com.litte.controller.reception.TWalletController.listCouponView(org.springframework.ui.Model,java.lang.String,java.lang.String)
2018-11-30 15:45:25.901  INFO 10132 --- [restartedMain] s.w.s.m.m.a.RequestMappingHandlerMapping : Mapped "{[/wallet/listWallet]}" onto public java.lang.String com.litte.controller.reception.TWalletController.listWallet(com.litte.entity.reception.TWallet,int)
2018-11-30 15:45:25.901  INFO 10132 --- [restartedMain] s.w.s.m.m.a.RequestMappingHandlerMapping : Mapped "{[/tree/menuListAll]}" onto public java.lang.String com.litte.controller.tree.TreeController.menuListAll(com.litte.entity.jurisdiction.TMenu)
2018-11-30 15:45:25.901  INFO 10132 --- [restartedMain] s.w.s.m.m.a.RequestMappingHandlerMapping : Mapped "{[/tree/deptZtree]}" onto public java.lang.String com.litte.controller.tree.TreeController.deptZtree(com.litte.entity.jurisdiction.TDept,javax.servlet.http.HttpServletRequest)
2018-11-30 15:45:25.901  INFO 10132 --- [restartedMain] s.w.s.m.m.a.RequestMappingHandlerMapping : Mapped "{[/tree/menuTree]}" onto public java.lang.String com.litte.controller.tree.TreeController.menuList(javax.servlet.http.HttpServletRequest)
2018-11-30 15:45:25.903  INFO 10132 --- [restartedMain] s.w.s.m.m.a.RequestMappingHandlerMapping : Mapped "{[/error]}" onto public org.springframework.http.ResponseEntity<java.util.Map<java.lang.String, java.lang.Object>> org.springframework.boot.autoconfigure.web.servlet.error.BasicErrorController.error(javax.servlet.http.HttpServletRequest)
2018-11-30 15:45:25.903  INFO 10132 --- [restartedMain] s.w.s.m.m.a.RequestMappingHandlerMapping : Mapped "{[/error],produces=[text/html]}" onto public org.springframework.web.servlet.ModelAndView org.springframework.boot.autoconfigure.web.servlet.error.BasicErrorController.errorHtml(javax.servlet.http.HttpServletRequest,javax.servlet.http.HttpServletResponse)
2018-11-30 15:45:25.910  INFO 10132 --- [restartedMain] o.s.w.s.handler.SimpleUrlHandlerMapping  : Mapped URL path [/webjars/**] onto handler of type [class org.springframework.web.servlet.resource.ResourceHttpRequestHandler]
2018-11-30 15:45:25.910  INFO 10132 --- [restartedMain] o.s.w.s.handler.SimpleUrlHandlerMapping  : Mapped URL path [/**] onto handler of type [class org.springframework.web.servlet.resource.ResourceHttpRequestHandler]
2018-11-30 15:45:25.929  INFO 10132 --- [restartedMain] o.s.b.a.w.s.WelcomePageHandlerMapping    : Adding welcome page template: index
2018-11-30 15:45:25.979  INFO 10132 --- [restartedMain] o.s.b.d.a.OptionalLiveReloadServer       : LiveReload server is running on port 35729
2018-11-30 15:45:25.993  INFO 10132 --- [restartedMain] o.s.j.e.a.AnnotationMBeanExporter        : Registering beans for JMX exposure on startup
2018-11-30 15:45:25.993  INFO 10132 --- [restartedMain] o.s.j.e.a.AnnotationMBeanExporter        : Bean with name 'dataSource' has been autodetected for JMX exposure
2018-11-30 15:45:25.996  INFO 10132 --- [restartedMain] o.s.j.e.a.AnnotationMBeanExporter        : Located MBean 'dataSource': registering with JMX server as MBean [com.zaxxer.hikari:name=dataSource,type=HikariDataSource]
2018-11-30 15:45:26.002  INFO 10132 --- [restartedMain] o.s.b.w.embedded.tomcat.TomcatWebServer  : Tomcat started on port(s): 8090 (http) with context path ''
2018-11-30 15:45:26.002  INFO 10132 --- [restartedMain] com.litte.LitteApplication               : Started LitteApplication in 0.855 seconds (JVM running for 84.505)
2018-11-30 15:45:26.004  INFO 10132 --- [restartedMain] .ConditionEvaluationDeltaLoggingListener : Condition evaluation unchanged
2018-11-30 15:45:48.778  INFO 10132 --- [http-nio-8090-exec-1] o.apache.tomcat.util.http.parser.Cookie  : A cookie header was received [1534932416,1535004598,1536377238; Hm_lvt_82116c626a8d504a5c0675073362ef6f=1536118047,1536132130,1536194150,1536563002; Hm_lvt_71559c3bdac3e45bebab67a5a841c70e=1543194037,1543368469,1543457596,1543539651; Idea-1c2d522=a0c3f465-ec68-453e-b8c8-a2d169b95ed9; ace.settings=%7B%22sidebar-collapsed%22%3A-1%7D; JSESSIONID=7C70BB47BE3859B650D75C7084835741; Hm_lpvt_71559c3bdac3e45bebab67a5a841c70e=1543563367] that contained an invalid cookie. That cookie will be ignored.Note: further occurrences of this error will be logged at DEBUG level.
2018-11-30 15:45:48.783  INFO 10132 --- [http-nio-8090-exec-1] o.a.c.c.C.[Tomcat].[localhost].[/]       : Initializing Spring FrameworkServlet 'dispatcherServlet'
2018-11-30 15:45:48.783  INFO 10132 --- [http-nio-8090-exec-1] o.s.web.servlet.DispatcherServlet        : FrameworkServlet 'dispatcherServlet': initialization started
2018-11-30 15:45:48.800  INFO 10132 --- [http-nio-8090-exec-1] o.s.web.servlet.DispatcherServlet        : FrameworkServlet 'dispatcherServlet': initialization completed in 17 ms
2018-11-30 15:45:52.579  INFO 10132 --- [http-nio-8090-exec-8] com.zaxxer.hikari.HikariDataSource       : HikariPool-1 - Starting...
2018-11-30 15:45:52.810  INFO 10132 --- [http-nio-8090-exec-8] com.zaxxer.hikari.HikariDataSource       : HikariPool-1 - Start completed.
2018-11-30 15:45:52.946 DEBUG 10132 --- [http-nio-8090-exec-8] c.l.m.j.TUserMapper.selectByNamePas      : ==>  Preparing: select user_id, user_name, login_name,password,phone,head_portrait,add_time, remark,dept_id from t_user where login_name = ? and password=? 
2018-11-30 15:45:52.966 DEBUG 10132 --- [http-nio-8090-exec-8] c.l.m.j.TUserMapper.selectByNamePas      : ==> Parameters: admin(String), 21232f297a57a5a743894a0e4a801fc3(String)
2018-11-30 15:45:52.986 DEBUG 10132 --- [http-nio-8090-exec-8] c.l.m.j.TUserMapper.selectByNamePas      : <==      Total: 1
2018-11-30 15:45:52.988 DEBUG 10132 --- [http-nio-8090-exec-8] c.l.m.j.TDeptMapper.getGroupListIds      : ==>  Preparing: select id from t_dept where group_id like concat((select group_id from t_dept where id=?) ,'%') 
2018-11-30 15:45:52.988 DEBUG 10132 --- [http-nio-8090-exec-8] c.l.m.j.TDeptMapper.getGroupListIds      : ==> Parameters: 1(String)
2018-11-30 15:45:53.001 DEBUG 10132 --- [http-nio-8090-exec-8] c.l.m.j.TDeptMapper.getGroupListIds      : <==      Total: 2
2018-11-30 15:45:53.180 DEBUG 10132 --- [http-nio-8090-exec-4] c.l.m.j.TMenuMapper.selectByExample      : ==>  Preparing: select id, text, url, pid, icon_cls, state from t_menu where id in ( select menu_id from t_menu_role where role_id in ( select role_id from t_user_role where user_id=?)) 
2018-11-30 15:45:53.180 DEBUG 10132 --- [http-nio-8090-exec-4] c.l.m.j.TMenuMapper.selectByExample      : ==> Parameters: 8aa1bd629c744a2b8130aa7eef391b7d(String)
2018-11-30 15:45:53.203 DEBUG 10132 --- [http-nio-8090-exec-4] c.l.m.j.TMenuMapper.selectByExample      : <==      Total: 15
2018-11-30 15:47:37.021  INFO 10132 --- [Thread-26] ConfigServletWebServerApplicationContext : Closing org.springframework.boot.web.servlet.context.AnnotationConfigServletWebServerApplicationContext@62fbe851: startup date [Fri Nov 30 15:45:25 CST 2018]; root of context hierarchy
2018-11-30 15:47:37.023  INFO 10132 --- [Thread-26] o.s.j.e.a.AnnotationMBeanExporter        : Unregistering JMX-exposed beans on shutdown
2018-11-30 15:47:37.023  INFO 10132 --- [Thread-26] o.s.j.e.a.AnnotationMBeanExporter        : Unregistering JMX-exposed beans
2018-11-30 15:47:37.024  INFO 10132 --- [Thread-26] com.zaxxer.hikari.HikariDataSource       : HikariPool-1 - Shutdown initiated...
2018-11-30 15:47:37.029  INFO 10132 --- [Thread-26] com.zaxxer.hikari.HikariDataSource       : HikariPool-1 - Shutdown completed.
2018-11-30 15:47:40.360  INFO 10132 --- [restartedMain] com.litte.LitteApplication               : Starting LitteApplication on PC-201807182309 with PID 10132 (E:\project\jdbproject\target\classes started by Administrator in E:\project\jdbproject)
2018-11-30 15:47:40.360 DEBUG 10132 --- [restartedMain] com.litte.LitteApplication               : Running with Spring Boot v2.0.4.RELEASE, Spring v5.0.8.RELEASE
2018-11-30 15:47:40.360  INFO 10132 --- [restartedMain] com.litte.LitteApplication               : No active profile set, falling back to default profiles: default
2018-11-30 15:47:40.362  INFO 10132 --- [restartedMain] ConfigServletWebServerApplicationContext : Refreshing org.springframework.boot.web.servlet.context.AnnotationConfigServletWebServerApplicationContext@77bfb82f: startup date [Fri Nov 30 15:47:40 CST 2018]; root of context hierarchy
2018-11-30 15:47:40.781  INFO 10132 --- [restartedMain] o.s.b.w.embedded.tomcat.TomcatWebServer  : Tomcat initialized with port(s): 8090 (http)
2018-11-30 15:47:40.782  INFO 10132 --- [restartedMain] o.apache.catalina.core.StandardService   : Starting service [Tomcat]
2018-11-30 15:47:40.782  INFO 10132 --- [restartedMain] org.apache.catalina.core.StandardEngine  : Starting Servlet Engine: Apache Tomcat/8.5.32
2018-11-30 15:47:40.797  INFO 10132 --- [localhost-startStop-1] o.a.c.c.C.[Tomcat].[localhost].[/]       : Initializing Spring embedded WebApplicationContext
2018-11-30 15:47:40.798  INFO 10132 --- [localhost-startStop-1] o.s.web.context.ContextLoader            : Root WebApplicationContext: initialization completed in 436 ms
2018-11-30 15:47:40.807  INFO 10132 --- [localhost-startStop-1] o.s.b.w.servlet.ServletRegistrationBean  : Servlet dispatcherServlet mapped to [/]
2018-11-30 15:47:40.807  INFO 10132 --- [localhost-startStop-1] o.s.b.w.servlet.FilterRegistrationBean   : Mapping filter: 'characterEncodingFilter' to: [/*]
2018-11-30 15:47:40.807  INFO 10132 --- [localhost-startStop-1] o.s.b.w.servlet.FilterRegistrationBean   : Mapping filter: 'hiddenHttpMethodFilter' to: [/*]
2018-11-30 15:47:40.807  INFO 10132 --- [localhost-startStop-1] o.s.b.w.servlet.FilterRegistrationBean   : Mapping filter: 'httpPutFormContentFilter' to: [/*]
2018-11-30 15:47:40.807  INFO 10132 --- [localhost-startStop-1] o.s.b.w.servlet.FilterRegistrationBean   : Mapping filter: 'requestContextFilter' to: [/*]
2018-11-30 15:47:41.000  INFO 10132 --- [restartedMain] o.s.w.s.handler.SimpleUrlHandlerMapping  : Mapped URL path [/**/favicon.ico] onto handler of type [class org.springframework.web.servlet.resource.ResourceHttpRequestHandler]
2018-11-30 15:47:41.024  INFO 10132 --- [restartedMain] s.w.s.m.m.a.RequestMappingHandlerAdapter : Looking for @ControllerAdvice: org.springframework.boot.web.servlet.context.AnnotationConfigServletWebServerApplicationContext@77bfb82f: startup date [Fri Nov 30 15:47:40 CST 2018]; root of context hierarchy
2018-11-30 15:47:41.031  INFO 10132 --- [restartedMain] s.w.s.m.m.a.RequestMappingHandlerMapping : Mapped "{[/file/download],methods=[GET]}" onto public void com.litte.controller.FileUploadController.download(javax.servlet.http.HttpServletRequest,javax.servlet.http.HttpServletResponse)
2018-11-30 15:47:41.032  INFO 10132 --- [restartedMain] s.w.s.m.m.a.RequestMappingHandlerMapping : Mapped "{[/file/uploadFile],methods=[POST],produces=[text/html;charset=UTF-8]}" onto public java.lang.String com.litte.controller.FileUploadController.uploadFile(org.springframework.web.multipart.MultipartFile)
2018-11-30 15:47:41.032  INFO 10132 --- [restartedMain] s.w.s.m.m.a.RequestMappingHandlerMapping : Mapped "{[/menu/addMenu]}" onto public int com.litte.controller.jurisdiction.MenuController.addMenu(com.litte.entity.jurisdiction.TMenu)
2018-11-30 15:47:41.032  INFO 10132 --- [restartedMain] s.w.s.m.m.a.RequestMappingHandlerMapping : Mapped "{[/menu/addMenuView]}" onto public java.lang.String com.litte.controller.jurisdiction.MenuController.addMenuView()
2018-11-30 15:47:41.032  INFO 10132 --- [restartedMain] s.w.s.m.m.a.RequestMappingHandlerMapping : Mapped "{[/menu/listMenu]}" onto public java.lang.String com.litte.controller.jurisdiction.MenuController.listMenu(com.litte.entity.jurisdiction.TMenu,int)
2018-11-30 15:47:41.032  INFO 10132 --- [restartedMain] s.w.s.m.m.a.RequestMappingHandlerMapping : Mapped "{[/menu/updMenuView]}" onto public java.lang.String com.litte.controller.jurisdiction.MenuController.updMenuView(java.lang.String,org.springframework.ui.Model)
2018-11-30 15:47:41.032  INFO 10132 --- [restartedMain] s.w.s.m.m.a.RequestMappingHandlerMapping : Mapped "{[/menu/getTmenu]}" onto public java.lang.String com.litte.controller.jurisdiction.MenuController.getTmenu(java.lang.String)
2018-11-30 15:47:41.032  INFO 10132 --- [restartedMain] s.w.s.m.m.a.RequestMappingHandlerMapping : Mapped "{[/menu/menuTree]}" onto public java.util.List<com.litte.entity.jurisdiction.TMenu> com.litte.controller.jurisdiction.MenuController.menuList(javax.servlet.http.HttpServletRequest)
2018-11-30 15:47:41.032  INFO 10132 --- [restartedMain] s.w.s.m.m.a.RequestMappingHandlerMapping : Mapped "{[/menu/listMenuView]}" onto public java.lang.String com.litte.controller.jurisdiction.MenuController.listMenuView(org.springframework.ui.Model,java.lang.String,java.lang.String)
2018-11-30 15:47:41.032  INFO 10132 --- [restartedMain] s.w.s.m.m.a.RequestMappingHandlerMapping : Mapped "{[/menu/delTmenu]}" onto public int com.litte.controller.jurisdiction.MenuController.delTmenu(java.lang.String)
2018-11-30 15:47:41.033  INFO 10132 --- [restartedMain] s.w.s.m.m.a.RequestMappingHandlerMapping : Mapped "{[/role/getRole]}" onto public java.lang.String com.litte.controller.jurisdiction.RoleController.getRole(java.lang.String)
2018-11-30 15:47:41.033  INFO 10132 --- [restartedMain] s.w.s.m.m.a.RequestMappingHandlerMapping : Mapped "{[/role/addRole]}" onto public int com.litte.controller.jurisdiction.RoleController.addRole(com.litte.entity.jurisdiction.TRole,javax.servlet.http.HttpServletRequest)
2018-11-30 15:47:41.033  INFO 10132 --- [restartedMain] s.w.s.m.m.a.RequestMappingHandlerMapping : Mapped "{[/role/listRoleView]}" onto public java.lang.String com.litte.controller.jurisdiction.RoleController.listRoleView(org.springframework.ui.Model,java.lang.String,java.lang.String)
2018-11-30 15:47:41.037  INFO 10132 --- [restartedMain] s.w.s.m.m.a.RequestMappingHandlerMapping : Mapped "{[/role/accreditAdd]}" onto public int com.litte.controller.jurisdiction.RoleController.accreditAdd(com.litte.entity.jurisdiction.TMenuRole)
2018-11-30 15:47:41.037  INFO 10132 --- [restartedMain] s.w.s.m.m.a.RequestMappingHandlerMapping : Mapped "{[/role/accredit]}" onto public java.lang.String com.litte.controller.jurisdiction.RoleController.accredit(java.lang.String,org.springframework.ui.Model)
2018-11-30 15:47:41.037  INFO 10132 --- [restartedMain] s.w.s.m.m.a.RequestMappingHandlerMapping : Mapped "{[/role/addRoleView]}" onto public java.lang.String com.litte.controller.jurisdiction.RoleController.addRoleView()
2018-11-30 15:47:41.037  INFO 10132 --- [restartedMain] s.w.s.m.m.a.RequestMappingHandlerMapping : Mapped "{[/role/updRoleView]}" onto public java.lang.String com.litte.controller.jurisdiction.RoleController.updRoleView(java.lang.String,org.springframework.ui.Model)
2018-11-30 15:47:41.037  INFO 10132 --- [restartedMain] s.w.s.m.m.a.RequestMappingHandlerMapping : Mapped "{[/role/listRole]}" onto public java.lang.String com.litte.controller.jurisdiction.RoleController.listRole(com.litte.entity.jurisdiction.TRole,int,javax.servlet.http.HttpServletRequest)
2018-11-30 15:47:41.037  INFO 10132 --- [restartedMain] s.w.s.m.m.a.RequestMappingHandlerMapping : Mapped "{[/role/delRole]}" onto public java.lang.String com.litte.controller.jurisdiction.RoleController.delRole(java.lang.String)
2018-11-30 15:47:41.037  INFO 10132 --- [restartedMain] s.w.s.m.m.a.RequestMappingHandlerMapping : Mapped "{[/dept/listDeptView]}" onto public java.lang.String com.litte.controller.jurisdiction.TDeptController.listMenuView(org.springframework.ui.Model,java.lang.String,java.lang.String)
2018-11-30 15:47:41.037  INFO 10132 --- [restartedMain] s.w.s.m.m.a.RequestMappingHandlerMapping : Mapped "{[/dept/listDept]}" onto public java.lang.String com.litte.controller.jurisdiction.TDeptController.listDept(com.litte.entity.jurisdiction.TDept,int,javax.servlet.http.HttpServletRequest)
2018-11-30 15:47:41.037  INFO 10132 --- [restartedMain] s.w.s.m.m.a.RequestMappingHandlerMapping : Mapped "{[/dept/listDeptByPort]}" onto public java.util.List<com.litte.entity.jurisdiction.TDept> com.litte.controller.jurisdiction.TDeptController.listDeptByPort(com.litte.entity.jurisdiction.TDept,java.lang.String)
2018-11-30 15:47:41.037  INFO 10132 --- [restartedMain] s.w.s.m.m.a.RequestMappingHandlerMapping : Mapped "{[/dept/addDept]}" onto public int com.litte.controller.jurisdiction.TDeptController.addDept(com.litte.entity.jurisdiction.TDept,javax.servlet.http.HttpServletRequest,java.lang.String)
2018-11-30 15:47:41.037  INFO 10132 --- [restartedMain] s.w.s.m.m.a.RequestMappingHandlerMapping : Mapped "{[/dept/addDeptView]}" onto public java.lang.String com.litte.controller.jurisdiction.TDeptController.addDeptView()
2018-11-30 15:47:41.037  INFO 10132 --- [restartedMain] s.w.s.m.m.a.RequestMappingHandlerMapping : Mapped "{[/dept/updDeptView]}" onto public java.lang.String com.litte.controller.jurisdiction.TDeptController.updDeptView(java.lang.String,org.springframework.ui.Model)
2018-11-30 15:47:41.038  INFO 10132 --- [restartedMain] s.w.s.m.m.a.RequestMappingHandlerMapping : Mapped "{[/dept/delDept]}" onto public java.lang.String com.litte.controller.jurisdiction.TDeptController.delDept(java.lang.String)
2018-11-30 15:47:41.038  INFO 10132 --- [restartedMain] s.w.s.m.m.a.RequestMappingHandlerMapping : Mapped "{[/territory/listTerritorySele]}" onto public java.util.List<com.litte.entity.jurisdiction.TTerritory> com.litte.controller.jurisdiction.TerritoryController.listTerritorySele(com.litte.entity.jurisdiction.TTerritory)
2018-11-30 15:47:41.038  INFO 10132 --- [restartedMain] s.w.s.m.m.a.RequestMappingHandlerMapping : Mapped "{[/territory/listTerritoryView]}" onto public java.lang.String com.litte.controller.jurisdiction.TerritoryController.listMenuView(org.springframework.ui.Model,java.lang.String,java.lang.String)
2018-11-30 15:47:41.038  INFO 10132 --- [restartedMain] s.w.s.m.m.a.RequestMappingHandlerMapping : Mapped "{[/territory/addTerritory]}" onto public int com.litte.controller.jurisdiction.TerritoryController.addTerritory(com.litte.entity.jurisdiction.TTerritory)
2018-11-30 15:47:41.038  INFO 10132 --- [restartedMain] s.w.s.m.m.a.RequestMappingHandlerMapping : Mapped "{[/territory/listTerritory]}" onto public java.lang.String com.litte.controller.jurisdiction.TerritoryController.listTerritory(com.litte.entity.jurisdiction.TTerritory,int,javax.servlet.http.HttpServletRequest)
2018-11-30 15:47:41.038  INFO 10132 --- [restartedMain] s.w.s.m.m.a.RequestMappingHandlerMapping : Mapped "{[/territory/updTerritoryView]}" onto public java.lang.String com.litte.controller.jurisdiction.TerritoryController.updTerritoryView(java.lang.String,org.springframework.ui.Model)
2018-11-30 15:47:41.038  INFO 10132 --- [restartedMain] s.w.s.m.m.a.RequestMappingHandlerMapping : Mapped "{[/territory/delTerritory]}" onto public java.lang.String com.litte.controller.jurisdiction.TerritoryController.delTerritory(java.lang.String)
2018-11-30 15:47:41.039  INFO 10132 --- [restartedMain] s.w.s.m.m.a.RequestMappingHandlerMapping : Mapped "{[/territory/addTerritoryView]}" onto public java.lang.String com.litte.controller.jurisdiction.TerritoryController.addTerritoryView()
2018-11-30 15:47:41.039  INFO 10132 --- [restartedMain] s.w.s.m.m.a.RequestMappingHandlerMapping : Mapped "{[/user/addUser]}" onto public int com.litte.controller.jurisdiction.UserController.addUser(com.litte.entity.jurisdiction.TUser)
2018-11-30 15:47:41.039  INFO 10132 --- [restartedMain] s.w.s.m.m.a.RequestMappingHandlerMapping : Mapped "{[/user/addRole]}" onto public int com.litte.controller.jurisdiction.UserController.addRole(com.litte.entity.jurisdiction.TUserRole)
2018-11-30 15:47:41.039  INFO 10132 --- [restartedMain] s.w.s.m.m.a.RequestMappingHandlerMapping : Mapped "{[/user/logout]}" onto public java.util.Map<java.lang.String, java.lang.Object> com.litte.controller.jurisdiction.UserController.logout(javax.servlet.http.HttpServletRequest)
2018-11-30 15:47:41.039  INFO 10132 --- [restartedMain] s.w.s.m.m.a.RequestMappingHandlerMapping : Mapped "{[/user/accreditRoleView]}" onto public java.lang.String com.litte.controller.jurisdiction.UserController.accreditRoleView(java.lang.String,org.springframework.ui.Model)
2018-11-30 15:47:41.039  INFO 10132 --- [restartedMain] s.w.s.m.m.a.RequestMappingHandlerMapping : Mapped "{[/user/listUser]}" onto public java.lang.String com.litte.controller.jurisdiction.UserController.listUser(com.litte.entity.jurisdiction.TUser,int,javax.servlet.http.HttpServletRequest)
2018-11-30 15:47:41.040  INFO 10132 --- [restartedMain] s.w.s.m.m.a.RequestMappingHandlerMapping : Mapped "{[/user/updUserView]}" onto public java.lang.String com.litte.controller.jurisdiction.UserController.updUserView(java.lang.String,org.springframework.ui.Model)
2018-11-30 15:47:41.040  INFO 10132 --- [restartedMain] s.w.s.m.m.a.RequestMappingHandlerMapping : Mapped "{[/user/accreditRole]}" onto public java.util.Map<java.lang.String, java.lang.Object> com.litte.controller.jurisdiction.UserController.accreditRole(javax.servlet.http.HttpServletRequest,com.litte.entity.jurisdiction.TRole)
2018-11-30 15:47:41.040  INFO 10132 --- [restartedMain] s.w.s.m.m.a.RequestMappingHandlerMapping : Mapped "{[/user/login]}" onto public java.util.Map<java.lang.String, java.lang.Object> com.litte.controller.jurisdiction.UserController.login(com.litte.entity.jurisdiction.TUser,javax.servlet.http.HttpServletRequest)
2018-11-30 15:47:41.040  INFO 10132 --- [restartedMain] s.w.s.m.m.a.RequestMappingHandlerMapping : Mapped "{[/user/listUserByPort]}" onto public java.util.List<com.litte.entity.jurisdiction.TUser> com.litte.controller.jurisdiction.UserController.listUserByPort(java.lang.String,javax.servlet.http.HttpServletRequest)
2018-11-30 15:47:41.040  INFO 10132 --- [restartedMain] s.w.s.m.m.a.RequestMappingHandlerMapping : Mapped "{[/user/listUserView]}" onto public java.lang.String com.litte.controller.jurisdiction.UserController.listUserView(org.springframework.ui.Model,java.lang.String,java.lang.String)
2018-11-30 15:47:41.040  INFO 10132 --- [restartedMain] s.w.s.m.m.a.RequestMappingHandlerMapping : Mapped "{[/user/getUserById]}" onto public java.lang.String com.litte.controller.jurisdiction.UserController.getUserById(java.lang.String)
2018-11-30 15:47:41.040  INFO 10132 --- [restartedMain] s.w.s.m.m.a.RequestMappingHandlerMapping : Mapped "{[/user/delUser]}" onto public java.lang.String com.litte.controller.jurisdiction.UserController.delUser(java.lang.String)
2018-11-30 15:47:41.040  INFO 10132 --- [restartedMain] s.w.s.m.m.a.RequestMappingHandlerMapping : Mapped "{[/user/addUserView]}" onto public java.lang.String com.litte.controller.jurisdiction.UserController.addUserView()
2018-11-30 15:47:41.041  INFO 10132 --- [restartedMain] s.w.s.m.m.a.RequestMappingHandlerMapping : Mapped "{[/index]}" onto public java.lang.String com.litte.controller.LoginController.index()
2018-11-30 15:47:41.041  INFO 10132 --- [restartedMain] s.w.s.m.m.a.RequestMappingHandlerMapping : Mapped "{[/session/loginSession]}" onto public com.litte.entity.jurisdiction.TUser com.litte.controller.LoginController.loginSession(javax.servlet.http.HttpServletRequest)
2018-11-30 15:47:41.041  INFO 10132 --- [restartedMain] s.w.s.m.m.a.RequestMappingHandlerMapping : Mapped "{[/portal/index]}" onto public java.lang.String com.litte.controller.LoginController.indexPortal()
2018-11-30 15:47:41.041  INFO 10132 --- [restartedMain] s.w.s.m.m.a.RequestMappingHandlerMapping : Mapped "{[/login]}" onto public java.lang.String com.litte.controller.LoginController.login()
2018-11-30 15:47:41.041  INFO 10132 --- [restartedMain] s.w.s.m.m.a.RequestMappingHandlerMapping : Mapped "{[/coupon/delCoupon]}" onto public int com.litte.controller.reception.TCouponController.delCoupon(java.lang.String)
2018-11-30 15:47:41.041  INFO 10132 --- [restartedMain] s.w.s.m.m.a.RequestMappingHandlerMapping : Mapped "{[/coupon/addCoupon]}" onto public int com.litte.controller.reception.TCouponController.addCoupon(com.litte.entity.reception.TCoupon)
2018-11-30 15:47:41.041  INFO 10132 --- [restartedMain] s.w.s.m.m.a.RequestMappingHandlerMapping : Mapped "{[/coupon/listCoupon]}" onto public java.lang.String com.litte.controller.reception.TCouponController.listCoupon(com.litte.entity.reception.TCoupon,int)
2018-11-30 15:47:41.041  INFO 10132 --- [restartedMain] s.w.s.m.m.a.RequestMappingHandlerMapping : Mapped "{[/coupon/updCouponView]}" onto public java.lang.String com.litte.controller.reception.TCouponController.updCouponView(java.lang.String,org.springframework.ui.Model)
2018-11-30 15:47:41.041  INFO 10132 --- [restartedMain] s.w.s.m.m.a.RequestMappingHandlerMapping : Mapped "{[/coupon/listCouponView]}" onto public java.lang.String com.litte.controller.reception.TCouponController.listCouponView(org.springframework.ui.Model,java.lang.String,java.lang.String)
2018-11-30 15:47:41.041  INFO 10132 --- [restartedMain] s.w.s.m.m.a.RequestMappingHandlerMapping : Mapped "{[/coupon/addCouponView]}" onto public java.lang.String com.litte.controller.reception.TCouponController.addCouponView()
2018-11-30 15:47:41.042  INFO 10132 --- [restartedMain] s.w.s.m.m.a.RequestMappingHandlerMapping : Mapped "{[/evaluate/listEvaluate]}" onto public java.lang.String com.litte.controller.reception.TEvaluateController.listCoupon(com.litte.entity.reception.TEvaluate,int,javax.servlet.http.HttpServletRequest)
2018-11-30 15:47:41.042  INFO 10132 --- [restartedMain] s.w.s.m.m.a.RequestMappingHandlerMapping : Mapped "{[/evaluate/addEvaluate]}" onto public int com.litte.controller.reception.TEvaluateController.addEvaluate(com.litte.entity.reception.TEvaluate)
2018-11-30 15:47:41.042  INFO 10132 --- [restartedMain] s.w.s.m.m.a.RequestMappingHandlerMapping : Mapped "{[/evaluate/delEvaluate]}" onto public int com.litte.controller.reception.TEvaluateController.delEvaluate(java.lang.String)
2018-11-30 15:47:41.042  INFO 10132 --- [restartedMain] s.w.s.m.m.a.RequestMappingHandlerMapping : Mapped "{[/evaluate/listEvaluateView]}" onto public java.lang.String com.litte.controller.reception.TEvaluateController.listCouponView(org.springframework.ui.Model,java.lang.String,java.lang.String)
2018-11-30 15:47:41.042  INFO 10132 --- [restartedMain] s.w.s.m.m.a.RequestMappingHandlerMapping : Mapped "{[/indent/addIndent]}" onto public int com.litte.controller.reception.TIndentController.addUser(com.litte.entity.reception.TIndent)
2018-11-30 15:47:41.042  INFO 10132 --- [restartedMain] s.w.s.m.m.a.RequestMappingHandlerMapping : Mapped "{[/indent/listIndent]}" onto public java.lang.String com.litte.controller.reception.TIndentController.listIndent(com.litte.entity.reception.TIndent,int,javax.servlet.http.HttpServletRequest)
2018-11-30 15:47:41.042  INFO 10132 --- [restartedMain] s.w.s.m.m.a.RequestMappingHandlerMapping : Mapped "{[/indent/listIndentView]}" onto public java.lang.String com.litte.controller.reception.TIndentController.listCouponView(org.springframework.ui.Model,java.lang.String,java.lang.String)
2018-11-30 15:47:41.043  INFO 10132 --- [restartedMain] s.w.s.m.m.a.RequestMappingHandlerMapping : Mapped "{[/personage/listPersonageView]}" onto public java.lang.String com.litte.controller.reception.TPersonageController.listPersonageView(org.springframework.ui.Model,java.lang.String,java.lang.String)
2018-11-30 15:47:41.043  INFO 10132 --- [restartedMain] s.w.s.m.m.a.RequestMappingHandlerMapping : Mapped "{[/personage/listPersonage]}" onto public java.lang.String com.litte.controller.reception.TPersonageController.listPersonage(com.litte.entity.reception.TPersonage,int)
2018-11-30 15:47:41.043  INFO 10132 --- [restartedMain] s.w.s.m.m.a.RequestMappingHandlerMapping : Mapped "{[/personage/addPersonage]}" onto public int com.litte.controller.reception.TPersonageController.addPersonage(com.litte.entity.reception.TPersonage)
2018-11-30 15:47:41.043  INFO 10132 --- [restartedMain] s.w.s.m.m.a.RequestMappingHandlerMapping : Mapped "{[/personage/updPersonage]}" onto public int com.litte.controller.reception.TPersonageController.updPersonage(com.litte.entity.reception.TPersonage)
2018-11-30 15:47:41.043  INFO 10132 --- [restartedMain] s.w.s.m.m.a.RequestMappingHandlerMapping : Mapped "{[/price/listPrice]}" onto public java.lang.String com.litte.controller.reception.TPriceController.listPrice(com.litte.entity.reception.TPrice,int,javax.servlet.http.HttpServletRequest)
2018-11-30 15:47:41.043  INFO 10132 --- [restartedMain] s.w.s.m.m.a.RequestMappingHandlerMapping : Mapped "{[/price/addPrice]}" onto public int com.litte.controller.reception.TPriceController.addPrice(com.litte.entity.reception.TPrice,javax.servlet.http.HttpServletRequest)
2018-11-30 15:47:41.043  INFO 10132 --- [restartedMain] s.w.s.m.m.a.RequestMappingHandlerMapping : Mapped "{[/price/updPriceView]}" onto public java.lang.String com.litte.controller.reception.TPriceController.updPriceView(java.lang.String,org.springframework.ui.Model)
2018-11-30 15:47:41.043  INFO 10132 --- [restartedMain] s.w.s.m.m.a.RequestMappingHandlerMapping : Mapped "{[/price/delPrice]}" onto public int com.litte.controller.reception.TPriceController.delPrice(java.lang.String)
2018-11-30 15:47:41.043  INFO 10132 --- [restartedMain] s.w.s.m.m.a.RequestMappingHandlerMapping : Mapped "{[/price/addPriceView]}" onto public java.lang.String com.litte.controller.reception.TPriceController.addPriceView()
2018-11-30 15:47:41.043  INFO 10132 --- [restartedMain] s.w.s.m.m.a.RequestMappingHandlerMapping : Mapped "{[/price/listPriceView]}" onto public java.lang.String com.litte.controller.reception.TPriceController.listCouponView(org.springframework.ui.Model,java.lang.String,java.lang.String)
2018-11-30 15:47:41.044  INFO 10132 --- [restartedMain] s.w.s.m.m.a.RequestMappingHandlerMapping : Mapped "{[/rest/listRestView]}" onto public java.lang.String com.litte.controller.reception.TRestController.listRestView(org.springframework.ui.Model,java.lang.String,java.lang.String)
2018-11-30 15:47:41.044  INFO 10132 --- [restartedMain] s.w.s.m.m.a.RequestMappingHandlerMapping : Mapped "{[/rest/addRest]}" onto public int com.litte.controller.reception.TRestController.addRest(com.litte.entity.reception.TRest,javax.servlet.http.HttpServletRequest)
2018-11-30 15:47:41.044  INFO 10132 --- [restartedMain] s.w.s.m.m.a.RequestMappingHandlerMapping : Mapped "{[/rest/listRest]}" onto public java.lang.String com.litte.controller.reception.TRestController.listRest(com.litte.entity.reception.TRest,int)
2018-11-30 15:47:41.044  INFO 10132 --- [restartedMain] s.w.s.m.m.a.RequestMappingHandlerMapping : Mapped "{[/rest/delRest]}" onto public int com.litte.controller.reception.TRestController.delRest(java.lang.String)
2018-11-30 15:47:41.044  INFO 10132 --- [restartedMain] s.w.s.m.m.a.RequestMappingHandlerMapping : Mapped "{[/rest/addRestView]}" onto public java.lang.String com.litte.controller.reception.TRestController.addRestView()
2018-11-30 15:47:41.044  INFO 10132 --- [restartedMain] s.w.s.m.m.a.RequestMappingHandlerMapping : Mapped "{[/rest/updRestView]}" onto public java.lang.String com.litte.controller.reception.TRestController.updRestView(java.lang.String,org.springframework.ui.Model)
2018-11-30 15:47:41.044  INFO 10132 --- [restartedMain] s.w.s.m.m.a.RequestMappingHandlerMapping : Mapped "{[/stated/listStatedView]}" onto public java.lang.String com.litte.controller.reception.TStatedController.listCouponView(org.springframework.ui.Model,java.lang.String,java.lang.String)
2018-11-30 15:47:41.044  INFO 10132 --- [restartedMain] s.w.s.m.m.a.RequestMappingHandlerMapping : Mapped "{[/stated/listStated]}" onto public java.lang.String com.litte.controller.reception.TStatedController.listStated(com.litte.entity.reception.TStated,int)
2018-11-30 15:47:41.044  INFO 10132 --- [restartedMain] s.w.s.m.m.a.RequestMappingHandlerMapping : Mapped "{[/wallet/listWalletView]}" onto public java.lang.String com.litte.controller.reception.TWalletController.listCouponView(org.springframework.ui.Model,java.lang.String,java.lang.String)
2018-11-30 15:47:41.045  INFO 10132 --- [restartedMain] s.w.s.m.m.a.RequestMappingHandlerMapping : Mapped "{[/wallet/listWallet]}" onto public java.lang.String com.litte.controller.reception.TWalletController.listWallet(com.litte.entity.reception.TWallet,int)
2018-11-30 15:47:41.045  INFO 10132 --- [restartedMain] s.w.s.m.m.a.RequestMappingHandlerMapping : Mapped "{[/tree/menuListAll]}" onto public java.lang.String com.litte.controller.tree.TreeController.menuListAll(com.litte.entity.jurisdiction.TMenu)
2018-11-30 15:47:41.045  INFO 10132 --- [restartedMain] s.w.s.m.m.a.RequestMappingHandlerMapping : Mapped "{[/tree/deptZtree]}" onto public java.lang.String com.litte.controller.tree.TreeController.deptZtree(com.litte.entity.jurisdiction.TDept,javax.servlet.http.HttpServletRequest)
2018-11-30 15:47:41.045  INFO 10132 --- [restartedMain] s.w.s.m.m.a.RequestMappingHandlerMapping : Mapped "{[/tree/menuTree]}" onto public java.lang.String com.litte.controller.tree.TreeController.menuList(javax.servlet.http.HttpServletRequest)
2018-11-30 15:47:41.046  INFO 10132 --- [restartedMain] s.w.s.m.m.a.RequestMappingHandlerMapping : Mapped "{[/error]}" onto public org.springframework.http.ResponseEntity<java.util.Map<java.lang.String, java.lang.Object>> org.springframework.boot.autoconfigure.web.servlet.error.BasicErrorController.error(javax.servlet.http.HttpServletRequest)
2018-11-30 15:47:41.046  INFO 10132 --- [restartedMain] s.w.s.m.m.a.RequestMappingHandlerMapping : Mapped "{[/error],produces=[text/html]}" onto public org.springframework.web.servlet.ModelAndView org.springframework.boot.autoconfigure.web.servlet.error.BasicErrorController.errorHtml(javax.servlet.http.HttpServletRequest,javax.servlet.http.HttpServletResponse)
2018-11-30 15:47:41.052  INFO 10132 --- [restartedMain] o.s.w.s.handler.SimpleUrlHandlerMapping  : Mapped URL path [/webjars/**] onto handler of type [class org.springframework.web.servlet.resource.ResourceHttpRequestHandler]
2018-11-30 15:47:41.052  INFO 10132 --- [restartedMain] o.s.w.s.handler.SimpleUrlHandlerMapping  : Mapped URL path [/**] onto handler of type [class org.springframework.web.servlet.resource.ResourceHttpRequestHandler]
2018-11-30 15:47:41.070  INFO 10132 --- [restartedMain] o.s.b.a.w.s.WelcomePageHandlerMapping    : Adding welcome page template: index
2018-11-30 15:47:41.112  INFO 10132 --- [restartedMain] o.s.b.d.a.OptionalLiveReloadServer       : LiveReload server is running on port 35729
2018-11-30 15:47:41.124  INFO 10132 --- [restartedMain] o.s.j.e.a.AnnotationMBeanExporter        : Registering beans for JMX exposure on startup
2018-11-30 15:47:41.124  INFO 10132 --- [restartedMain] o.s.j.e.a.AnnotationMBeanExporter        : Bean with name 'dataSource' has been autodetected for JMX exposure
2018-11-30 15:47:41.126  INFO 10132 --- [restartedMain] o.s.j.e.a.AnnotationMBeanExporter        : Located MBean 'dataSource': registering with JMX server as MBean [com.zaxxer.hikari:name=dataSource,type=HikariDataSource]
2018-11-30 15:47:41.133  INFO 10132 --- [restartedMain] o.s.b.w.embedded.tomcat.TomcatWebServer  : Tomcat started on port(s): 8090 (http) with context path ''
2018-11-30 15:47:41.133  INFO 10132 --- [restartedMain] com.litte.LitteApplication               : Started LitteApplication in 0.791 seconds (JVM running for 219.635)
2018-11-30 15:47:41.135  INFO 10132 --- [restartedMain] .ConditionEvaluationDeltaLoggingListener : Condition evaluation unchanged
2018-11-30 15:53:43.484  INFO 10132 --- [Thread-40] ConfigServletWebServerApplicationContext : Closing org.springframework.boot.web.servlet.context.AnnotationConfigServletWebServerApplicationContext@77bfb82f: startup date [Fri Nov 30 15:47:40 CST 2018]; root of context hierarchy
2018-11-30 15:53:43.485  INFO 10132 --- [Thread-40] o.s.j.e.a.AnnotationMBeanExporter        : Unregistering JMX-exposed beans on shutdown
2018-11-30 15:53:43.485  INFO 10132 --- [Thread-40] o.s.j.e.a.AnnotationMBeanExporter        : Unregistering JMX-exposed beans
